Loading phenotype data from data/phenotypes/ABIDEII_Composite_Phenotypic.csv...
Loading S3 file list from s3_fmriprep_file_list.txt...

Found 19 sites in total. Preparing to download for all.

--- Processing site: ABIDEII-BNI_1 ---
Found 58 subjects in phenotype file.
Found 13 matching functional files (`...desc-preproc_bold.nii.gz`) to download for site 'ABIDEII-BNI_1'.
(1/13) Downloading: sub-29006_ses-1_task-rest_run-1_space-MNI152NLin2009cAsym_desc-preproc_bold.nii.gz
(2/13) Downloading: sub-29007_ses-1_task-rest_run-1_space-MNI152NLin2009cAsym_desc-preproc_bold.nii.gz
(3/13) Downloading: sub-29008_ses-1_task-rest_run-1_space-MNI152NLin2009cAsym_desc-preproc_bold.nii.gz
(4/13) Downloading: sub-29009_ses-1_task-rest_run-1_space-MNI152NLin2009cAsym_desc-preproc_bold.nii.gz
(5/13) Downloading: sub-29010_ses-1_task-rest_run-1_space-MNI152NLin2009cAsym_desc-preproc_bold.nii.gz
(6/13) Downloading: sub-29011_ses-1_task-rest_run-1_space-MNI152NLin2009cAsym_desc-preproc_bold.nii.gz
(7/13) Downloading: sub-29012_ses-1_task-rest_run-1_space-MNI152NLin2009cAsym_desc-preproc_bold.nii.gz
(8/13) Downloading: sub-29013_ses-1_task-rest_run-1_space-MNI152NLin2009cAsym_desc-preproc_bold.nii.gz
(9/13) Downloading: sub-29014_ses-1_task-rest_run-1_space-MNI152NLin2009cAsym_desc-preproc_bold.nii.gz
(10/13) Downloading: sub-29028_ses-1_task-rest_run-1_space-MNI152NLin2009cAsym_desc-preproc_bold.nii.gz
(11/13) Downloading: sub-29039_ses-1_task-rest_run-1_space-MNI152NLin2009cAsym_desc-preproc_bold.nii.gz
(12/13) Downloading: sub-29040_ses-1_task-rest_run-1_space-MNI152NLin2009cAsym_desc-preproc_bold.nii.gz
(13/13) Downloading: sub-30146_ses-1_task-rest_run-1_space-MNI152NLin2009cAsym_desc-preproc_bold.nii.gz
Successfully processed 13/13 files for site ABIDEII-BNI_1.
Data is located in: ./abide2_all_sites_data/ABIDEII-BNI_1/fmriprep_functional

--- Processing site: ABIDEII-EMC_1 ---
Found 54 subjects in phenotype file.
Found 40 matching functional files (`...desc-preproc_bold.nii.gz`) to download for site 'ABIDEII-EMC_1'.
(1/40) Already downloaded: sub-29864_ses-1_task-rest_run-1_space-MNI152NLin2009cAsym_desc-preproc_bold.nii.gz
(2/40) Downloading: sub-29865_ses-1_task-rest_run-1_space-MNI152NLin2009cAsym_desc-preproc_bold.nii.gz
(3/40) Downloading: sub-29867_ses-1_task-rest_run-1_space-MNI152NLin2009cAsym_desc-preproc_bold.nii.gz
(4/40) Downloading: sub-29868_ses-1_task-rest_run-1_space-MNI152NLin2009cAsym_desc-preproc_bold.nii.gz
(5/40) Downloading: sub-29869_ses-1_task-rest_run-1_space-MNI152NLin2009cAsym_desc-preproc_bold.nii.gz
(6/40) Downloading: sub-29870_ses-1_task-rest_run-1_space-MNI152NLin2009cAsym_desc-preproc_bold.nii.gz
(7/40) Downloading: sub-29871_ses-1_task-rest_run-1_space-MNI152NLin2009cAsym_desc-preproc_bold.nii.gz
(8/40) Downloading: sub-29874_ses-1_task-rest_run-1_space-MNI152NLin2009cAsym_desc-preproc_bold.nii.gz
(9/40) Downloading: sub-29876_ses-1_task-rest_run-1_space-MNI152NLin2009cAsym_desc-preproc_bold.nii.gz
(10/40) Downloading: sub-29877_ses-1_task-rest_run-1_space-MNI152NLin2009cAsym_desc-preproc_bold.nii.gz
(11/40) Downloading: sub-29878_ses-1_task-rest_run-1_space-MNI152NLin2009cAsym_desc-preproc_bold.nii.gz
(12/40) Downloading: sub-29879_ses-1_task-rest_run-1_space-MNI152NLin2009cAsym_desc-preproc_bold.nii.gz
(13/40) Already downloaded: sub-29881_ses-1_task-rest_run-1_space-MNI152NLin2009cAsym_desc-preproc_bold.nii.gz
(14/40) Downloading: sub-29882_ses-1_task-rest_run-1_space-MNI152NLin2009cAsym_desc-preproc_bold.nii.gz
(15/40) Downloading: sub-29883_ses-1_task-rest_run-1_space-MNI152NLin2009cAsym_desc-preproc_bold.nii.gz
(16/40) Downloading: sub-29884_ses-1_task-rest_run-1_space-MNI152NLin2009cAsym_desc-preproc_bold.nii.gz
(17/40) Downloading: sub-29885_ses-1_task-rest_run-1_space-MNI152NLin2009cAsym_desc-preproc_bold.nii.gz
(18/40) Downloading: sub-29886_ses-1_task-rest_run-1_space-MNI152NLin2009cAsym_desc-preproc_bold.nii.gz
(19/40) Downloading: sub-29887_ses-1_task-rest_run-1_space-MNI152NLin2009cAsym_desc-preproc_bold.nii.gz
(20/40) Downloading: sub-29888_ses-1_task-rest_run-1_space-MNI152NLin2009cAsym_desc-preproc_bold.nii.gz
(21/40) Downloading: sub-29889_ses-1_task-rest_run-1_space-MNI152NLin2009cAsym_desc-preproc_bold.nii.gz
(22/40) Downloading: sub-29892_ses-1_task-rest_run-1_space-MNI152NLin2009cAsym_desc-preproc_bold.nii.gz
(23/40) Downloading: sub-29896_ses-1_task-rest_run-1_space-MNI152NLin2009cAsym_desc-preproc_bold.nii.gz
(24/40) Downloading: sub-29897_ses-1_task-rest_run-1_space-MNI152NLin2009cAsym_desc-preproc_bold.nii.gz
(25/40) Downloading: sub-29898_ses-1_task-rest_run-1_space-MNI152NLin2009cAsym_desc-preproc_bold.nii.gz
(26/40) Downloading: sub-29899_ses-1_task-rest_run-1_space-MNI152NLin2009cAsym_desc-preproc_bold.nii.gz
(27/40) Downloading: sub-29900_ses-1_task-rest_run-1_space-MNI152NLin2009cAsym_desc-preproc_bold.nii.gz
(28/40) Downloading: sub-29902_ses-1_task-rest_run-1_space-MNI152NLin2009cAsym_desc-preproc_bold.nii.gz
(29/40) Downloading: sub-29903_ses-1_task-rest_run-1_space-MNI152NLin2009cAsym_desc-preproc_bold.nii.gz
(30/40) Downloading: sub-29904_ses-1_task-rest_run-1_space-MNI152NLin2009cAsym_desc-preproc_bold.nii.gz
(31/40) Downloading: sub-29905_ses-1_task-rest_run-1_space-MNI152NLin2009cAsym_desc-preproc_bold.nii.gz
(32/40) Downloading: sub-29906_ses-1_task-rest_run-1_space-MNI152NLin2009cAsym_desc-preproc_bold.nii.gz
(33/40) Downloading: sub-29907_ses-1_task-rest_run-1_space-MNI152NLin2009cAsym_desc-preproc_bold.nii.gz
(34/40) Downloading: sub-29908_ses-1_task-rest_run-1_space-MNI152NLin2009cAsym_desc-preproc_bold.nii.gz
(35/40) Downloading: sub-29910_ses-1_task-rest_run-1_space-MNI152NLin2009cAsym_desc-preproc_bold.nii.gz
(36/40) Downloading: sub-29911_ses-1_task-rest_run-1_space-MNI152NLin2009cAsym_desc-preproc_bold.nii.gz
(37/40) Downloading: sub-29912_ses-1_task-rest_run-1_space-MNI152NLin2009cAsym_desc-preproc_bold.nii.gz
(38/40) Downloading: sub-29913_ses-1_task-rest_run-1_space-MNI152NLin2009cAsym_desc-preproc_bold.nii.gz
(39/40) Downloading: sub-29914_ses-1_task-rest_run-1_space-MNI152NLin2009cAsym_desc-preproc_bold.nii.gz
(40/40) Downloading: sub-29916_ses-1_task-rest_run-1_space-MNI152NLin2009cAsym_desc-preproc_bold.nii.gz
Successfully processed 40/40 files for site ABIDEII-EMC_1.
Data is located in: ./abide2_all_sites_data/ABIDEII-EMC_1/fmriprep_functional

--- Processing site: ABIDEII-ETH_1 ---
Found 37 subjects in phenotype file.
Found 30 matching functional files (`...desc-preproc_bold.nii.gz`) to download for site 'ABIDEII-ETH_1'.
(1/30) Downloading: sub-29057_ses-1_task-rest_run-1_space-MNI152NLin2009cAsym_desc-preproc_bold.nii.gz
(2/30) Downloading: sub-29058_ses-1_task-rest_run-1_space-MNI152NLin2009cAsym_desc-preproc_bold.nii.gz
(3/30) Downloading: sub-29059_ses-1_task-rest_run-1_space-MNI152NLin2009cAsym_desc-preproc_bold.nii.gz
(4/30) Downloading: sub-29060_ses-1_task-rest_run-1_space-MNI152NLin2009cAsym_desc-preproc_bold.nii.gz
(5/30) Downloading: sub-29064_ses-1_task-rest_run-1_space-MNI152NLin2009cAsym_desc-preproc_bold.nii.gz
(6/30) Downloading: sub-29065_ses-1_task-rest_run-1_space-MNI152NLin2009cAsym_desc-preproc_bold.nii.gz
(7/30) Downloading: sub-29066_ses-1_task-rest_run-1_space-MNI152NLin2009cAsym_desc-preproc_bold.nii.gz
(8/30) Downloading: sub-29067_ses-1_task-rest_run-1_space-MNI152NLin2009cAsym_desc-preproc_bold.nii.gz
(9/30) Downloading: sub-29068_ses-1_task-rest_run-1_space-MNI152NLin2009cAsym_desc-preproc_bold.nii.gz
(10/30) Downloading: sub-29069_ses-1_task-rest_run-1_space-MNI152NLin2009cAsym_desc-preproc_bold.nii.gz
(11/30) Downloading: sub-29071_ses-1_task-rest_run-1_space-MNI152NLin2009cAsym_desc-preproc_bold.nii.gz
(12/30) Downloading: sub-29073_ses-1_task-rest_run-1_space-MNI152NLin2009cAsym_desc-preproc_bold.nii.gz
(13/30) Downloading: sub-29074_ses-1_task-rest_run-1_space-MNI152NLin2009cAsym_desc-preproc_bold.nii.gz
(14/30) Downloading: sub-29076_ses-1_task-rest_run-1_space-MNI152NLin2009cAsym_desc-preproc_bold.nii.gz
(15/30) Downloading: sub-29077_ses-1_task-rest_run-1_space-MNI152NLin2009cAsym_desc-preproc_bold.nii.gz
(16/30) Downloading: sub-29078_ses-1_task-rest_run-1_space-MNI152NLin2009cAsym_desc-preproc_bold.nii.gz
(17/30) Downloading: sub-29079_ses-1_task-rest_run-1_space-MNI152NLin2009cAsym_desc-preproc_bold.nii.gz
(18/30) Downloading: sub-29080_ses-1_task-rest_run-1_space-MNI152NLin2009cAsym_desc-preproc_bold.nii.gz
(19/30) Downloading: sub-29081_ses-1_task-rest_run-1_space-MNI152NLin2009cAsym_desc-preproc_bold.nii.gz
(20/30) Downloading: sub-29082_ses-1_task-rest_run-1_space-MNI152NLin2009cAsym_desc-preproc_bold.nii.gz
(21/30) Downloading: sub-29084_ses-1_task-rest_run-1_space-MNI152NLin2009cAsym_desc-preproc_bold.nii.gz
(22/30) Downloading: sub-29086_ses-1_task-rest_run-1_space-MNI152NLin2009cAsym_desc-preproc_bold.nii.gz
(23/30) Downloading: sub-29087_ses-1_task-rest_run-1_space-MNI152NLin2009cAsym_desc-preproc_bold.nii.gz
(24/30) Downloading: sub-29088_ses-1_task-rest_run-1_space-MNI152NLin2009cAsym_desc-preproc_bold.nii.gz
(25/30) Downloading: sub-29089_ses-1_task-rest_run-1_space-MNI152NLin2009cAsym_desc-preproc_bold.nii.gz
(26/30) Downloading: sub-29090_ses-1_task-rest_run-1_space-MNI152NLin2009cAsym_desc-preproc_bold.nii.gz
(27/30) Downloading: sub-29091_ses-1_task-rest_run-1_space-MNI152NLin2009cAsym_desc-preproc_bold.nii.gz
(28/30) Downloading: sub-29092_ses-1_task-rest_run-1_space-MNI152NLin2009cAsym_desc-preproc_bold.nii.gz
(29/30) Downloading: sub-29093_ses-1_task-rest_run-1_space-MNI152NLin2009cAsym_desc-preproc_bold.nii.gz
(30/30) Downloading: sub-29094_ses-1_task-rest_run-1_space-MNI152NLin2009cAsym_desc-preproc_bold.nii.gz
Successfully processed 30/30 files for site ABIDEII-ETH_1.
Data is located in: ./abide2_all_sites_data/ABIDEII-ETH_1/fmriprep_functional

--- Processing site: ABIDEII-GU_1 ---
Found 106 subjects in phenotype file.
Found 58 matching functional files (`...desc-preproc_bold.nii.gz`) to download for site 'ABIDEII-GU_1'.
(1/58) Downloading: sub-28743_ses-1_task-rest_run-1_space-MNI152NLin2009cAsym_desc-preproc_bold.nii.gz
(2/58) Downloading: sub-28746_ses-1_task-rest_run-1_space-MNI152NLin2009cAsym_desc-preproc_bold.nii.gz
(3/58) Downloading: sub-28747_ses-1_task-rest_run-1_space-MNI152NLin2009cAsym_desc-preproc_bold.nii.gz
(4/58) Downloading: sub-28748_ses-1_task-rest_run-1_space-MNI152NLin2009cAsym_desc-preproc_bold.nii.gz
(5/58) Downloading: sub-28749_ses-1_task-rest_run-1_space-MNI152NLin2009cAsym_desc-preproc_bold.nii.gz
(6/58) Downloading: sub-28750_ses-1_task-rest_run-1_space-MNI152NLin2009cAsym_desc-preproc_bold.nii.gz
(7/58) Downloading: sub-28752_ses-1_task-rest_run-1_space-MNI152NLin2009cAsym_desc-preproc_bold.nii.gz
(8/58) Downloading: sub-28753_ses-1_task-rest_run-1_space-MNI152NLin2009cAsym_desc-preproc_bold.nii.gz
(9/58) Downloading: sub-28754_ses-1_task-rest_run-1_space-MNI152NLin2009cAsym_desc-preproc_bold.nii.gz
(10/58) Downloading: sub-28760_ses-1_task-rest_run-1_space-MNI152NLin2009cAsym_desc-preproc_bold.nii.gz
(11/58) Downloading: sub-28784_ses-1_task-rest_run-1_space-MNI152NLin2009cAsym_desc-preproc_bold.nii.gz
(12/58) Downloading: sub-28785_ses-1_task-rest_run-1_space-MNI152NLin2009cAsym_desc-preproc_bold.nii.gz
(13/58) Downloading: sub-28787_ses-1_task-rest_run-1_space-MNI152NLin2009cAsym_desc-preproc_bold.nii.gz
(14/58) Downloading: sub-28790_ses-1_task-rest_run-1_space-MNI152NLin2009cAsym_desc-preproc_bold.nii.gz
(15/58) Already downloaded: sub-28791_ses-1_task-rest_run-1_space-MNI152NLin2009cAsym_desc-preproc_bold.nii.gz
(16/58) Downloading: sub-28792_ses-1_task-rest_run-1_space-MNI152NLin2009cAsym_desc-preproc_bold.nii.gz
(17/58) Downloading: sub-28795_ses-1_task-rest_run-1_space-MNI152NLin2009cAsym_desc-preproc_bold.nii.gz
(18/58) Downloading: sub-28797_ses-1_task-rest_run-1_space-MNI152NLin2009cAsym_desc-preproc_bold.nii.gz
(19/58) Downloading: sub-28798_ses-1_task-rest_run-1_space-MNI152NLin2009cAsym_desc-preproc_bold.nii.gz
(20/58) Downloading: sub-28800_ses-1_task-rest_run-1_space-MNI152NLin2009cAsym_desc-preproc_bold.nii.gz
(21/58) Downloading: sub-28801_ses-1_task-rest_run-1_space-MNI152NLin2009cAsym_desc-preproc_bold.nii.gz
(22/58) Downloading: sub-28803_ses-1_task-rest_run-1_space-MNI152NLin2009cAsym_desc-preproc_bold.nii.gz
(23/58) Downloading: sub-28804_ses-1_task-rest_run-1_space-MNI152NLin2009cAsym_desc-preproc_bold.nii.gz
(24/58) Downloading: sub-28805_ses-1_task-rest_run-1_space-MNI152NLin2009cAsym_desc-preproc_bold.nii.gz
(25/58) Downloading: sub-28806_ses-1_task-rest_run-1_space-MNI152NLin2009cAsym_desc-preproc_bold.nii.gz
(26/58) Downloading: sub-28807_ses-1_task-rest_run-1_space-MNI152NLin2009cAsym_desc-preproc_bold.nii.gz
(27/58) Downloading: sub-28808_ses-1_task-rest_run-1_space-MNI152NLin2009cAsym_desc-preproc_bold.nii.gz
(28/58) Downloading: sub-28809_ses-1_task-rest_run-1_space-MNI152NLin2009cAsym_desc-preproc_bold.nii.gz
(29/58) Downloading: sub-28810_ses-1_task-rest_run-1_space-MNI152NLin2009cAsym_desc-preproc_bold.nii.gz
(30/58) Downloading: sub-28811_ses-1_task-rest_run-1_space-MNI152NLin2009cAsym_desc-preproc_bold.nii.gz
(31/58) Downloading: sub-28812_ses-1_task-rest_run-1_space-MNI152NLin2009cAsym_desc-preproc_bold.nii.gz
(32/58) Downloading: sub-28814_ses-1_task-rest_run-1_space-MNI152NLin2009cAsym_desc-preproc_bold.nii.gz
(33/58) Downloading: sub-28815_ses-1_task-rest_run-1_space-MNI152NLin2009cAsym_desc-preproc_bold.nii.gz
(34/58) Downloading: sub-28817_ses-1_task-rest_run-1_space-MNI152NLin2009cAsym_desc-preproc_bold.nii.gz
(35/58) Downloading: sub-28819_ses-1_task-rest_run-1_space-MNI152NLin2009cAsym_desc-preproc_bold.nii.gz
(36/58) Downloading: sub-28820_ses-1_task-rest_run-1_space-MNI152NLin2009cAsym_desc-preproc_bold.nii.gz
(37/58) Downloading: sub-28821_ses-1_task-rest_run-1_space-MNI152NLin2009cAsym_desc-preproc_bold.nii.gz
(38/58) Downloading: sub-28822_ses-1_task-rest_run-1_space-MNI152NLin2009cAsym_desc-preproc_bold.nii.gz
(39/58) Downloading: sub-28824_ses-1_task-rest_run-1_space-MNI152NLin2009cAsym_desc-preproc_bold.nii.gz
(40/58) Downloading: sub-28825_ses-1_task-rest_run-1_space-MNI152NLin2009cAsym_desc-preproc_bold.nii.gz
(41/58) Downloading: sub-28826_ses-1_task-rest_run-1_space-MNI152NLin2009cAsym_desc-preproc_bold.nii.gz
(42/58) Downloading: sub-28827_ses-1_task-rest_run-1_space-MNI152NLin2009cAsym_desc-preproc_bold.nii.gz
(43/58) Downloading: sub-28828_ses-1_task-rest_run-1_space-MNI152NLin2009cAsym_desc-preproc_bold.nii.gz
(44/58) Downloading: sub-28829_ses-1_task-rest_run-1_space-MNI152NLin2009cAsym_desc-preproc_bold.nii.gz
(45/58) Downloading: sub-28830_ses-1_task-rest_run-1_space-MNI152NLin2009cAsym_desc-preproc_bold.nii.gz
(46/58) Downloading: sub-28831_ses-1_task-rest_run-1_space-MNI152NLin2009cAsym_desc-preproc_bold.nii.gz
(47/58) Downloading: sub-28834_ses-1_task-rest_run-1_space-MNI152NLin2009cAsym_desc-preproc_bold.nii.gz
(48/58) Downloading: sub-28835_ses-1_task-rest_run-1_space-MNI152NLin2009cAsym_desc-preproc_bold.nii.gz
(49/58) Downloading: sub-28836_ses-1_task-rest_run-1_space-MNI152NLin2009cAsym_desc-preproc_bold.nii.gz
(50/58) Downloading: sub-28837_ses-1_task-rest_run-1_space-MNI152NLin2009cAsym_desc-preproc_bold.nii.gz
(51/58) Downloading: sub-28838_ses-1_task-rest_run-1_space-MNI152NLin2009cAsym_desc-preproc_bold.nii.gz
(52/58) Downloading: sub-28840_ses-1_task-rest_run-1_space-MNI152NLin2009cAsym_desc-preproc_bold.nii.gz
(53/58) Downloading: sub-28841_ses-1_task-rest_run-1_space-MNI152NLin2009cAsym_desc-preproc_bold.nii.gz
(54/58) Downloading: sub-28842_ses-1_task-rest_run-1_space-MNI152NLin2009cAsym_desc-preproc_bold.nii.gz
(55/58) Downloading: sub-28844_ses-1_task-rest_run-1_space-MNI152NLin2009cAsym_desc-preproc_bold.nii.gz
(56/58) Downloading: sub-28845_ses-1_task-rest_run-1_space-MNI152NLin2009cAsym_desc-preproc_bold.nii.gz
(57/58) Downloading: sub-28846_ses-1_task-rest_run-1_space-MNI152NLin2009cAsym_desc-preproc_bold.nii.gz
(58/58) Downloading: sub-28847_ses-1_task-rest_run-1_space-MNI152NLin2009cAsym_desc-preproc_bold.nii.gz
Successfully processed 58/58 files for site ABIDEII-GU_1.
Data is located in: ./abide2_all_sites_data/ABIDEII-GU_1/fmriprep_functional

--- Processing site: ABIDEII-IP_1 ---
Found 56 subjects in phenotype file.
Found 139 matching functional files (`...desc-preproc_bold.nii.gz`) to download for site 'ABIDEII-IP_1'.
(1/139) Downloading: sub-29580_ses-1_task-rest_run-1_space-MNI152NLin2009cAsym_desc-preproc_bold.nii.gz
(2/139) Downloading: sub-29580_ses-1_task-rest_run-2_space-MNI152NLin2009cAsym_desc-preproc_bold.nii.gz
(3/139) Downloading: sub-29580_ses-1_task-rest_run-3_space-MNI152NLin2009cAsym_desc-preproc_bold.nii.gz
(4/139) Downloading: sub-29581_ses-1_task-rest_run-1_space-MNI152NLin2009cAsym_desc-preproc_bold.nii.gz
(5/139) Downloading: sub-29581_ses-1_task-rest_run-2_space-MNI152NLin2009cAsym_desc-preproc_bold.nii.gz
(6/139) Downloading: sub-29581_ses-1_task-rest_run-3_space-MNI152NLin2009cAsym_desc-preproc_bold.nii.gz
(7/139) Downloading: sub-29582_ses-1_task-rest_run-1_space-MNI152NLin2009cAsym_desc-preproc_bold.nii.gz
(8/139) Downloading: sub-29582_ses-1_task-rest_run-2_space-MNI152NLin2009cAsym_desc-preproc_bold.nii.gz
(9/139) Downloading: sub-29583_ses-1_task-rest_run-1_space-MNI152NLin2009cAsym_desc-preproc_bold.nii.gz
(10/139) Downloading: sub-29583_ses-1_task-rest_run-2_space-MNI152NLin2009cAsym_desc-preproc_bold.nii.gz
(11/139) Downloading: sub-29583_ses-1_task-rest_run-3_space-MNI152NLin2009cAsym_desc-preproc_bold.nii.gz
(12/139) Downloading: sub-29584_ses-1_task-rest_run-1_space-MNI152NLin2009cAsym_desc-preproc_bold.nii.gz
(13/139) Already downloaded: sub-29584_ses-1_task-rest_run-2_space-MNI152NLin2009cAsym_desc-preproc_bold.nii.gz
(14/139) Downloading: sub-29584_ses-1_task-rest_run-3_space-MNI152NLin2009cAsym_desc-preproc_bold.nii.gz
(15/139) Downloading: sub-29585_ses-1_task-rest_run-1_space-MNI152NLin2009cAsym_desc-preproc_bold.nii.gz
(16/139) Downloading: sub-29585_ses-1_task-rest_run-2_space-MNI152NLin2009cAsym_desc-preproc_bold.nii.gz
(17/139) Downloading: sub-29585_ses-1_task-rest_run-3_space-MNI152NLin2009cAsym_desc-preproc_bold.nii.gz
(18/139) Downloading: sub-29587_ses-1_task-rest_run-1_space-MNI152NLin2009cAsym_desc-preproc_bold.nii.gz
(19/139) Downloading: sub-29587_ses-1_task-rest_run-2_space-MNI152NLin2009cAsym_desc-preproc_bold.nii.gz
(20/139) Downloading: sub-29587_ses-1_task-rest_run-3_space-MNI152NLin2009cAsym_desc-preproc_bold.nii.gz
(21/139) Downloading: sub-29588_ses-1_task-rest_run-1_space-MNI152NLin2009cAsym_desc-preproc_bold.nii.gz
(22/139) Downloading: sub-29588_ses-1_task-rest_run-2_space-MNI152NLin2009cAsym_desc-preproc_bold.nii.gz
(23/139) Downloading: sub-29588_ses-1_task-rest_run-3_space-MNI152NLin2009cAsym_desc-preproc_bold.nii.gz
(24/139) Downloading: sub-29589_ses-1_task-rest_run-1_space-MNI152NLin2009cAsym_desc-preproc_bold.nii.gz
(25/139) Downloading: sub-29589_ses-1_task-rest_run-2_space-MNI152NLin2009cAsym_desc-preproc_bold.nii.gz
(26/139) Downloading: sub-29589_ses-1_task-rest_run-3_space-MNI152NLin2009cAsym_desc-preproc_bold.nii.gz
(27/139) Downloading: sub-29590_ses-1_task-rest_run-1_space-MNI152NLin2009cAsym_desc-preproc_bold.nii.gz
(28/139) Downloading: sub-29590_ses-1_task-rest_run-2_space-MNI152NLin2009cAsym_desc-preproc_bold.nii.gz
(29/139) Downloading: sub-29590_ses-1_task-rest_run-3_space-MNI152NLin2009cAsym_desc-preproc_bold.nii.gz
(30/139) Downloading: sub-29591_ses-1_task-rest_run-1_space-MNI152NLin2009cAsym_desc-preproc_bold.nii.gz
(31/139) Downloading: sub-29591_ses-1_task-rest_run-2_space-MNI152NLin2009cAsym_desc-preproc_bold.nii.gz
(32/139) Downloading: sub-29591_ses-1_task-rest_run-3_space-MNI152NLin2009cAsym_desc-preproc_bold.nii.gz
(33/139) Downloading: sub-29592_ses-1_task-rest_run-1_space-MNI152NLin2009cAsym_desc-preproc_bold.nii.gz
(34/139) Downloading: sub-29592_ses-1_task-rest_run-2_space-MNI152NLin2009cAsym_desc-preproc_bold.nii.gz
(35/139) Downloading: sub-29592_ses-1_task-rest_run-3_space-MNI152NLin2009cAsym_desc-preproc_bold.nii.gz
(36/139) Downloading: sub-29593_ses-1_task-rest_run-1_space-MNI152NLin2009cAsym_desc-preproc_bold.nii.gz
(37/139) Downloading: sub-29593_ses-1_task-rest_run-2_space-MNI152NLin2009cAsym_desc-preproc_bold.nii.gz
(38/139) Downloading: sub-29593_ses-1_task-rest_run-3_space-MNI152NLin2009cAsym_desc-preproc_bold.nii.gz
(39/139) Downloading: sub-29594_ses-1_task-rest_run-1_space-MNI152NLin2009cAsym_desc-preproc_bold.nii.gz
(40/139) Downloading: sub-29594_ses-1_task-rest_run-2_space-MNI152NLin2009cAsym_desc-preproc_bold.nii.gz
(41/139) Downloading: sub-29594_ses-1_task-rest_run-3_space-MNI152NLin2009cAsym_desc-preproc_bold.nii.gz
(42/139) Downloading: sub-29595_ses-1_task-rest_run-1_space-MNI152NLin2009cAsym_desc-preproc_bold.nii.gz
(43/139) Downloading: sub-29595_ses-1_task-rest_run-2_space-MNI152NLin2009cAsym_desc-preproc_bold.nii.gz
(44/139) Downloading: sub-29595_ses-1_task-rest_run-3_space-MNI152NLin2009cAsym_desc-preproc_bold.nii.gz
(45/139) Downloading: sub-29596_ses-1_task-rest_run-1_space-MNI152NLin2009cAsym_desc-preproc_bold.nii.gz
(46/139) Downloading: sub-29596_ses-1_task-rest_run-2_space-MNI152NLin2009cAsym_desc-preproc_bold.nii.gz
(47/139) Downloading: sub-29596_ses-1_task-rest_run-3_space-MNI152NLin2009cAsym_desc-preproc_bold.nii.gz
(48/139) Downloading: sub-29596_ses-1_task-rest_run-4_space-MNI152NLin2009cAsym_desc-preproc_bold.nii.gz
(49/139) Downloading: sub-29597_ses-1_task-rest_run-1_space-MNI152NLin2009cAsym_desc-preproc_bold.nii.gz
(50/139) Downloading: sub-29597_ses-1_task-rest_run-2_space-MNI152NLin2009cAsym_desc-preproc_bold.nii.gz
(51/139) Downloading: sub-29597_ses-1_task-rest_run-3_space-MNI152NLin2009cAsym_desc-preproc_bold.nii.gz
(52/139) Downloading: sub-29598_ses-1_task-rest_run-1_space-MNI152NLin2009cAsym_desc-preproc_bold.nii.gz
(53/139) Downloading: sub-29598_ses-1_task-rest_run-2_space-MNI152NLin2009cAsym_desc-preproc_bold.nii.gz
(54/139) Downloading: sub-29598_ses-1_task-rest_run-3_space-MNI152NLin2009cAsym_desc-preproc_bold.nii.gz
(55/139) Downloading: sub-29600_ses-1_task-rest_run-1_space-MNI152NLin2009cAsym_desc-preproc_bold.nii.gz
(56/139) Downloading: sub-29600_ses-1_task-rest_run-2_space-MNI152NLin2009cAsym_desc-preproc_bold.nii.gz
(57/139) Downloading: sub-29600_ses-1_task-rest_run-3_space-MNI152NLin2009cAsym_desc-preproc_bold.nii.gz
(58/139) Downloading: sub-29601_ses-1_task-rest_run-1_space-MNI152NLin2009cAsym_desc-preproc_bold.nii.gz
(59/139) Downloading: sub-29601_ses-1_task-rest_run-2_space-MNI152NLin2009cAsym_desc-preproc_bold.nii.gz
(60/139) Downloading: sub-29601_ses-1_task-rest_run-3_space-MNI152NLin2009cAsym_desc-preproc_bold.nii.gz
(61/139) Downloading: sub-29602_ses-1_task-rest_run-1_space-MNI152NLin2009cAsym_desc-preproc_bold.nii.gz
(62/139) Downloading: sub-29602_ses-1_task-rest_run-2_space-MNI152NLin2009cAsym_desc-preproc_bold.nii.gz
(63/139) Downloading: sub-29602_ses-1_task-rest_run-3_space-MNI152NLin2009cAsym_desc-preproc_bold.nii.gz
(64/139) Downloading: sub-29603_ses-1_task-rest_run-1_space-MNI152NLin2009cAsym_desc-preproc_bold.nii.gz
(65/139) Downloading: sub-29603_ses-1_task-rest_run-2_space-MNI152NLin2009cAsym_desc-preproc_bold.nii.gz
(66/139) Downloading: sub-29603_ses-1_task-rest_run-3_space-MNI152NLin2009cAsym_desc-preproc_bold.nii.gz
(67/139) Downloading: sub-29604_ses-1_task-rest_run-1_space-MNI152NLin2009cAsym_desc-preproc_bold.nii.gz
(68/139) Downloading: sub-29604_ses-1_task-rest_run-2_space-MNI152NLin2009cAsym_desc-preproc_bold.nii.gz
(69/139) Downloading: sub-29604_ses-1_task-rest_run-3_space-MNI152NLin2009cAsym_desc-preproc_bold.nii.gz
(70/139) Downloading: sub-29605_ses-1_task-rest_run-1_space-MNI152NLin2009cAsym_desc-preproc_bold.nii.gz
(71/139) Downloading: sub-29605_ses-1_task-rest_run-2_space-MNI152NLin2009cAsym_desc-preproc_bold.nii.gz
(72/139) Downloading: sub-29605_ses-1_task-rest_run-3_space-MNI152NLin2009cAsym_desc-preproc_bold.nii.gz
(73/139) Downloading: sub-29606_ses-1_task-rest_run-1_space-MNI152NLin2009cAsym_desc-preproc_bold.nii.gz
(74/139) Already downloaded: sub-29606_ses-1_task-rest_run-2_space-MNI152NLin2009cAsym_desc-preproc_bold.nii.gz
(75/139) Downloading: sub-29607_ses-1_task-rest_run-1_space-MNI152NLin2009cAsym_desc-preproc_bold.nii.gz
(76/139) Downloading: sub-29607_ses-1_task-rest_run-2_space-MNI152NLin2009cAsym_desc-preproc_bold.nii.gz
(77/139) Downloading: sub-29607_ses-1_task-rest_run-3_space-MNI152NLin2009cAsym_desc-preproc_bold.nii.gz
(78/139) Downloading: sub-29608_ses-1_task-rest_run-1_space-MNI152NLin2009cAsym_desc-preproc_bold.nii.gz
(79/139) Downloading: sub-29608_ses-1_task-rest_run-2_space-MNI152NLin2009cAsym_desc-preproc_bold.nii.gz
(80/139) Downloading: sub-29608_ses-1_task-rest_run-3_space-MNI152NLin2009cAsym_desc-preproc_bold.nii.gz
(81/139) Downloading: sub-29609_ses-1_task-rest_run-1_space-MNI152NLin2009cAsym_desc-preproc_bold.nii.gz
(82/139) Downloading: sub-29609_ses-1_task-rest_run-2_space-MNI152NLin2009cAsym_desc-preproc_bold.nii.gz
(83/139) Downloading: sub-29610_ses-1_task-rest_run-1_space-MNI152NLin2009cAsym_desc-preproc_bold.nii.gz
(84/139) Downloading: sub-29610_ses-1_task-rest_run-2_space-MNI152NLin2009cAsym_desc-preproc_bold.nii.gz
(85/139) Downloading: sub-29610_ses-1_task-rest_run-3_space-MNI152NLin2009cAsym_desc-preproc_bold.nii.gz
(86/139) Downloading: sub-29611_ses-1_task-rest_run-1_space-MNI152NLin2009cAsym_desc-preproc_bold.nii.gz
(87/139) Already downloaded: sub-29611_ses-1_task-rest_run-2_space-MNI152NLin2009cAsym_desc-preproc_bold.nii.gz
(88/139) Downloading: sub-29611_ses-1_task-rest_run-3_space-MNI152NLin2009cAsym_desc-preproc_bold.nii.gz
(89/139) Downloading: sub-29612_ses-1_task-rest_run-1_space-MNI152NLin2009cAsym_desc-preproc_bold.nii.gz
(90/139) Downloading: sub-29612_ses-1_task-rest_run-2_space-MNI152NLin2009cAsym_desc-preproc_bold.nii.gz
(91/139) Downloading: sub-29612_ses-1_task-rest_run-3_space-MNI152NLin2009cAsym_desc-preproc_bold.nii.gz
(92/139) Downloading: sub-29613_ses-1_task-rest_run-1_space-MNI152NLin2009cAsym_desc-preproc_bold.nii.gz
(93/139) Downloading: sub-29613_ses-1_task-rest_run-2_space-MNI152NLin2009cAsym_desc-preproc_bold.nii.gz
(94/139) Downloading: sub-29613_ses-1_task-rest_run-3_space-MNI152NLin2009cAsym_desc-preproc_bold.nii.gz
(95/139) Downloading: sub-29614_ses-1_task-rest_run-1_space-MNI152NLin2009cAsym_desc-preproc_bold.nii.gz
(96/139) Downloading: sub-29614_ses-1_task-rest_run-2_space-MNI152NLin2009cAsym_desc-preproc_bold.nii.gz
(97/139) Downloading: sub-29614_ses-1_task-rest_run-3_space-MNI152NLin2009cAsym_desc-preproc_bold.nii.gz
(98/139) Downloading: sub-29618_ses-1_task-rest_run-1_space-MNI152NLin2009cAsym_desc-preproc_bold.nii.gz
(99/139) Downloading: sub-29618_ses-1_task-rest_run-2_space-MNI152NLin2009cAsym_desc-preproc_bold.nii.gz
(100/139) Downloading: sub-29618_ses-1_task-rest_run-3_space-MNI152NLin2009cAsym_desc-preproc_bold.nii.gz
(101/139) Downloading: sub-29619_ses-1_task-rest_run-1_space-MNI152NLin2009cAsym_desc-preproc_bold.nii.gz
(102/139) Downloading: sub-29619_ses-1_task-rest_run-2_space-MNI152NLin2009cAsym_desc-preproc_bold.nii.gz
(103/139) Downloading: sub-29619_ses-1_task-rest_run-3_space-MNI152NLin2009cAsym_desc-preproc_bold.nii.gz
(104/139) Downloading: sub-29620_ses-1_task-rest_run-1_space-MNI152NLin2009cAsym_desc-preproc_bold.nii.gz
(105/139) Downloading: sub-29620_ses-1_task-rest_run-2_space-MNI152NLin2009cAsym_desc-preproc_bold.nii.gz
(106/139) Downloading: sub-29620_ses-1_task-rest_run-3_space-MNI152NLin2009cAsym_desc-preproc_bold.nii.gz
(107/139) Downloading: sub-29621_ses-1_task-rest_run-1_space-MNI152NLin2009cAsym_desc-preproc_bold.nii.gz
(108/139) Downloading: sub-29621_ses-1_task-rest_run-2_space-MNI152NLin2009cAsym_desc-preproc_bold.nii.gz
(109/139) Downloading: sub-29621_ses-1_task-rest_run-3_space-MNI152NLin2009cAsym_desc-preproc_bold.nii.gz
(110/139) Downloading: sub-29623_ses-1_task-rest_run-1_space-MNI152NLin2009cAsym_desc-preproc_bold.nii.gz
(111/139) Downloading: sub-29623_ses-1_task-rest_run-2_space-MNI152NLin2009cAsym_desc-preproc_bold.nii.gz
(112/139) Downloading: sub-29623_ses-1_task-rest_run-3_space-MNI152NLin2009cAsym_desc-preproc_bold.nii.gz
(113/139) Downloading: sub-29624_ses-1_task-rest_run-1_space-MNI152NLin2009cAsym_desc-preproc_bold.nii.gz
(114/139) Downloading: sub-29624_ses-1_task-rest_run-2_space-MNI152NLin2009cAsym_desc-preproc_bold.nii.gz
(115/139) Downloading: sub-29624_ses-1_task-rest_run-3_space-MNI152NLin2009cAsym_desc-preproc_bold.nii.gz
(116/139) Downloading: sub-29625_ses-1_task-rest_run-1_space-MNI152NLin2009cAsym_desc-preproc_bold.nii.gz
(117/139) Downloading: sub-29625_ses-1_task-rest_run-2_space-MNI152NLin2009cAsym_desc-preproc_bold.nii.gz
(118/139) Downloading: sub-29625_ses-1_task-rest_run-3_space-MNI152NLin2009cAsym_desc-preproc_bold.nii.gz
(119/139) Downloading: sub-29627_ses-1_task-rest_run-1_space-MNI152NLin2009cAsym_desc-preproc_bold.nii.gz
(120/139) Downloading: sub-29627_ses-1_task-rest_run-2_space-MNI152NLin2009cAsym_desc-preproc_bold.nii.gz
(121/139) Downloading: sub-29627_ses-1_task-rest_run-3_space-MNI152NLin2009cAsym_desc-preproc_bold.nii.gz
(122/139) Downloading: sub-29628_ses-1_task-rest_run-1_space-MNI152NLin2009cAsym_desc-preproc_bold.nii.gz
(123/139) Downloading: sub-29628_ses-1_task-rest_run-2_space-MNI152NLin2009cAsym_desc-preproc_bold.nii.gz
(124/139) Downloading: sub-29628_ses-1_task-rest_run-3_space-MNI152NLin2009cAsym_desc-preproc_bold.nii.gz
(125/139) Downloading: sub-29629_ses-1_task-rest_run-1_space-MNI152NLin2009cAsym_desc-preproc_bold.nii.gz
(126/139) Downloading: sub-29629_ses-1_task-rest_run-2_space-MNI152NLin2009cAsym_desc-preproc_bold.nii.gz
(127/139) Downloading: sub-29629_ses-1_task-rest_run-3_space-MNI152NLin2009cAsym_desc-preproc_bold.nii.gz
(128/139) Downloading: sub-29631_ses-1_task-rest_run-1_space-MNI152NLin2009cAsym_desc-preproc_bold.nii.gz
(129/139) Downloading: sub-29631_ses-1_task-rest_run-2_space-MNI152NLin2009cAsym_desc-preproc_bold.nii.gz
(130/139) Downloading: sub-29631_ses-1_task-rest_run-3_space-MNI152NLin2009cAsym_desc-preproc_bold.nii.gz
(131/139) Downloading: sub-29632_ses-1_task-rest_run-1_space-MNI152NLin2009cAsym_desc-preproc_bold.nii.gz
(132/139) Downloading: sub-29632_ses-1_task-rest_run-2_space-MNI152NLin2009cAsym_desc-preproc_bold.nii.gz
(133/139) Downloading: sub-29632_ses-1_task-rest_run-3_space-MNI152NLin2009cAsym_desc-preproc_bold.nii.gz
(134/139) Downloading: sub-29633_ses-1_task-rest_run-1_space-MNI152NLin2009cAsym_desc-preproc_bold.nii.gz
(135/139) Downloading: sub-29633_ses-1_task-rest_run-2_space-MNI152NLin2009cAsym_desc-preproc_bold.nii.gz
(136/139) Downloading: sub-29633_ses-1_task-rest_run-3_space-MNI152NLin2009cAsym_desc-preproc_bold.nii.gz
(137/139) Downloading: sub-29634_ses-1_task-rest_run-1_space-MNI152NLin2009cAsym_desc-preproc_bold.nii.gz
(138/139) Downloading: sub-29634_ses-1_task-rest_run-2_space-MNI152NLin2009cAsym_desc-preproc_bold.nii.gz
(139/139) Downloading: sub-29634_ses-1_task-rest_run-3_space-MNI152NLin2009cAsym_desc-preproc_bold.nii.gz
Successfully processed 139/139 files for site ABIDEII-IP_1.
Data is located in: ./abide2_all_sites_data/ABIDEII-IP_1/fmriprep_functional

--- Processing site: ABIDEII-IU_1 ---
Found 40 subjects in phenotype file.
Warning: Found 0 matching files in the S3 list for site ABIDEII-IU_1. Skipping.

--- Processing site: ABIDEII-KKI_1 ---
Found 211 subjects in phenotype file.
Found 193 matching functional files (`...desc-preproc_bold.nii.gz`) to download for site 'ABIDEII-KKI_1'.
(1/193) Downloading: sub-29273_ses-1_task-rest_acq-rc8chan_run-1_space-MNI152NLin2009cAsym_desc-preproc_bold.nii.gz
(2/193) Downloading: sub-29275_ses-1_task-rest_acq-rc8chan_run-1_space-MNI152NLin2009cAsym_desc-preproc_bold.nii.gz
(3/193) Downloading: sub-29276_ses-1_task-rest_acq-rc8chan_run-1_space-MNI152NLin2009cAsym_desc-preproc_bold.nii.gz
(4/193) Downloading: sub-29277_ses-1_task-rest_acq-rc8chan_run-1_space-MNI152NLin2009cAsym_desc-preproc_bold.nii.gz
(5/193) Downloading: sub-29278_ses-1_task-rest_acq-rc8chan_run-1_space-MNI152NLin2009cAsym_desc-preproc_bold.nii.gz
(6/193) Downloading: sub-29279_ses-1_task-rest_acq-rc8chan_run-1_space-MNI152NLin2009cAsym_desc-preproc_bold.nii.gz
(7/193) Downloading: sub-29280_ses-1_task-rest_acq-rc8chan_run-1_space-MNI152NLin2009cAsym_desc-preproc_bold.nii.gz
(8/193) Downloading: sub-29281_ses-1_task-rest_acq-rc8chan_run-1_space-MNI152NLin2009cAsym_desc-preproc_bold.nii.gz
(9/193) Already downloaded: sub-29282_ses-1_task-rest_acq-rc8chan_run-1_space-MNI152NLin2009cAsym_desc-preproc_bold.nii.gz
(10/193) Downloading: sub-29283_ses-1_task-rest_acq-rc8chan_run-1_space-MNI152NLin2009cAsym_desc-preproc_bold.nii.gz
(11/193) Downloading: sub-29284_ses-1_task-rest_acq-rc8chan_run-1_space-MNI152NLin2009cAsym_desc-preproc_bold.nii.gz
(12/193) Downloading: sub-29285_ses-1_task-rest_acq-rc8chan_run-1_space-MNI152NLin2009cAsym_desc-preproc_bold.nii.gz
(13/193) Downloading: sub-29287_ses-1_task-rest_acq-rc8chan_run-1_space-MNI152NLin2009cAsym_desc-preproc_bold.nii.gz
(14/193) Downloading: sub-29288_ses-1_task-rest_acq-rc8chan_run-1_space-MNI152NLin2009cAsym_desc-preproc_bold.nii.gz
(15/193) Downloading: sub-29289_ses-1_task-rest_acq-rc8chan_run-1_space-MNI152NLin2009cAsym_desc-preproc_bold.nii.gz
(16/193) Downloading: sub-29290_ses-1_task-rest_acq-rc8chan_run-1_space-MNI152NLin2009cAsym_desc-preproc_bold.nii.gz
(17/193) Downloading: sub-29291_ses-1_task-rest_acq-rc8chan_run-1_space-MNI152NLin2009cAsym_desc-preproc_bold.nii.gz
(18/193) Downloading: sub-29292_ses-1_task-rest_acq-rc8chan_run-1_space-MNI152NLin2009cAsym_desc-preproc_bold.nii.gz
(19/193) Downloading: sub-29293_ses-1_task-rest_acq-rc8chan_run-1_space-MNI152NLin2009cAsym_desc-preproc_bold.nii.gz
(20/193) Downloading: sub-29294_ses-1_task-rest_acq-rc8chan_run-1_space-MNI152NLin2009cAsym_desc-preproc_bold.nii.gz
(21/193) Downloading: sub-29295_ses-1_task-rest_acq-rc8chan_run-1_space-MNI152NLin2009cAsym_desc-preproc_bold.nii.gz
(22/193) Downloading: sub-29296_ses-1_task-rest_acq-rc8chan_run-1_space-MNI152NLin2009cAsym_desc-preproc_bold.nii.gz
(23/193) Downloading: sub-29297_ses-1_task-rest_acq-rc8chan_run-1_space-MNI152NLin2009cAsym_desc-preproc_bold.nii.gz
(24/193) Downloading: sub-29298_ses-1_task-rest_acq-rc8chan_run-1_space-MNI152NLin2009cAsym_desc-preproc_bold.nii.gz
(25/193) Downloading: sub-29299_ses-1_task-rest_acq-rc8chan_run-1_space-MNI152NLin2009cAsym_desc-preproc_bold.nii.gz
(26/193) Downloading: sub-29300_ses-1_task-rest_acq-rc8chan_run-1_space-MNI152NLin2009cAsym_desc-preproc_bold.nii.gz
(27/193) Downloading: sub-29301_ses-1_task-rest_acq-rc8chan_run-1_space-MNI152NLin2009cAsym_desc-preproc_bold.nii.gz
(28/193) Downloading: sub-29302_ses-1_task-rest_acq-rc8chan_run-1_space-MNI152NLin2009cAsym_desc-preproc_bold.nii.gz
(29/193) Downloading: sub-29304_ses-1_task-rest_acq-rc8chan_run-1_space-MNI152NLin2009cAsym_desc-preproc_bold.nii.gz
(30/193) Downloading: sub-29305_ses-1_task-rest_acq-rc8chan_run-1_space-MNI152NLin2009cAsym_desc-preproc_bold.nii.gz
(31/193) Downloading: sub-29306_ses-1_task-rest_acq-rc8chan_run-1_space-MNI152NLin2009cAsym_desc-preproc_bold.nii.gz
(32/193) Downloading: sub-29307_ses-1_task-rest_acq-rc8chan_run-1_space-MNI152NLin2009cAsym_desc-preproc_bold.nii.gz
(33/193) Downloading: sub-29308_ses-1_task-rest_acq-rc8chan_run-1_space-MNI152NLin2009cAsym_desc-preproc_bold.nii.gz
(34/193) Downloading: sub-29309_ses-1_task-rest_acq-rc8chan_run-1_space-MNI152NLin2009cAsym_desc-preproc_bold.nii.gz
(35/193) Downloading: sub-29310_ses-1_task-rest_acq-rc8chan_run-1_space-MNI152NLin2009cAsym_desc-preproc_bold.nii.gz
(36/193) Downloading: sub-29311_ses-1_task-rest_acq-rc8chan_run-1_space-MNI152NLin2009cAsym_desc-preproc_bold.nii.gz
(37/193) Downloading: sub-29312_ses-1_task-rest_acq-rc8chan_run-1_space-MNI152NLin2009cAsym_desc-preproc_bold.nii.gz
(38/193) Downloading: sub-29313_ses-1_task-rest_acq-rc8chan_run-1_space-MNI152NLin2009cAsym_desc-preproc_bold.nii.gz
(39/193) Downloading: sub-29314_ses-1_task-rest_acq-rc8chan_run-1_space-MNI152NLin2009cAsym_desc-preproc_bold.nii.gz
(40/193) Downloading: sub-29315_ses-1_task-rest_acq-rc8chan_run-1_space-MNI152NLin2009cAsym_desc-preproc_bold.nii.gz
(41/193) Downloading: sub-29316_ses-1_task-rest_acq-rc8chan_run-1_space-MNI152NLin2009cAsym_desc-preproc_bold.nii.gz
(42/193) Downloading: sub-29317_ses-1_task-rest_acq-rc8chan_run-1_space-MNI152NLin2009cAsym_desc-preproc_bold.nii.gz
(43/193) Downloading: sub-29318_ses-1_task-rest_acq-rc8chan_run-1_space-MNI152NLin2009cAsym_desc-preproc_bold.nii.gz
(44/193) Downloading: sub-29319_ses-1_task-rest_acq-rc8chan_run-1_space-MNI152NLin2009cAsym_desc-preproc_bold.nii.gz
(45/193) Downloading: sub-29320_ses-1_task-rest_acq-rc8chan_run-1_space-MNI152NLin2009cAsym_desc-preproc_bold.nii.gz
(46/193) Downloading: sub-29321_ses-1_task-rest_acq-rc8chan_run-1_space-MNI152NLin2009cAsym_desc-preproc_bold.nii.gz
(47/193) Downloading: sub-29322_ses-1_task-rest_acq-rc8chan_run-1_space-MNI152NLin2009cAsym_desc-preproc_bold.nii.gz
(48/193) Downloading: sub-29324_ses-1_task-rest_acq-rc8chan_run-1_space-MNI152NLin2009cAsym_desc-preproc_bold.nii.gz
(49/193) Downloading: sub-29325_ses-1_task-rest_acq-rc8chan_run-1_space-MNI152NLin2009cAsym_desc-preproc_bold.nii.gz
(50/193) Downloading: sub-29326_ses-1_task-rest_acq-rc8chan_run-1_space-MNI152NLin2009cAsym_desc-preproc_bold.nii.gz
(51/193) Downloading: sub-29327_ses-1_task-rest_acq-rc8chan_run-1_space-MNI152NLin2009cAsym_desc-preproc_bold.nii.gz
(52/193) Downloading: sub-29328_ses-1_task-rest_acq-rc8chan_run-1_space-MNI152NLin2009cAsym_desc-preproc_bold.nii.gz
(53/193) Downloading: sub-29329_ses-1_task-rest_acq-rc8chan_run-1_space-MNI152NLin2009cAsym_desc-preproc_bold.nii.gz
(54/193) Downloading: sub-29330_ses-1_task-rest_acq-rc8chan_run-1_space-MNI152NLin2009cAsym_desc-preproc_bold.nii.gz
(55/193) Downloading: sub-29332_ses-1_task-rest_acq-rc8chan_run-1_space-MNI152NLin2009cAsym_desc-preproc_bold.nii.gz
(56/193) Downloading: sub-29333_ses-1_task-rest_acq-rc8chan_run-1_space-MNI152NLin2009cAsym_desc-preproc_bold.nii.gz
(57/193) Downloading: sub-29334_ses-1_task-rest_acq-rc8chan_run-1_space-MNI152NLin2009cAsym_desc-preproc_bold.nii.gz
(58/193) Downloading: sub-29336_ses-1_task-rest_acq-rc8chan_run-1_space-MNI152NLin2009cAsym_desc-preproc_bold.nii.gz
(59/193) Downloading: sub-29337_ses-1_task-rest_acq-rc8chan_run-1_space-MNI152NLin2009cAsym_desc-preproc_bold.nii.gz
(60/193) Downloading: sub-29338_ses-1_task-rest_acq-rc8chan_run-1_space-MNI152NLin2009cAsym_desc-preproc_bold.nii.gz
(61/193) Downloading: sub-29339_ses-1_task-rest_acq-rc8chan_run-1_space-MNI152NLin2009cAsym_desc-preproc_bold.nii.gz
(62/193) Downloading: sub-29340_ses-1_task-rest_acq-rc8chan_run-1_space-MNI152NLin2009cAsym_desc-preproc_bold.nii.gz
(63/193) Downloading: sub-29341_ses-1_task-rest_acq-rc8chan_run-1_space-MNI152NLin2009cAsym_desc-preproc_bold.nii.gz
(64/193) Downloading: sub-29343_ses-1_task-rest_acq-rc8chan_run-1_space-MNI152NLin2009cAsym_desc-preproc_bold.nii.gz
(65/193) Downloading: sub-29344_ses-1_task-rest_acq-rc8chan_run-1_space-MNI152NLin2009cAsym_desc-preproc_bold.nii.gz
(66/193) Downloading: sub-29345_ses-1_task-rest_acq-rc8chan_run-1_space-MNI152NLin2009cAsym_desc-preproc_bold.nii.gz
(67/193) Downloading: sub-29347_ses-1_task-rest_acq-rc8chan_run-1_space-MNI152NLin2009cAsym_desc-preproc_bold.nii.gz
(68/193) Downloading: sub-29348_ses-1_task-rest_acq-rc8chan_run-1_space-MNI152NLin2009cAsym_desc-preproc_bold.nii.gz
(69/193) Downloading: sub-29349_ses-1_task-rest_acq-rc8chan_run-1_space-MNI152NLin2009cAsym_desc-preproc_bold.nii.gz
(70/193) Downloading: sub-29350_ses-1_task-rest_acq-rc8chan_run-1_space-MNI152NLin2009cAsym_desc-preproc_bold.nii.gz
(71/193) Downloading: sub-29351_ses-1_task-rest_acq-rc8chan_run-1_space-MNI152NLin2009cAsym_desc-preproc_bold.nii.gz
(72/193) Downloading: sub-29352_ses-1_task-rest_acq-rc8chan_run-1_space-MNI152NLin2009cAsym_desc-preproc_bold.nii.gz
(73/193) Downloading: sub-29354_ses-1_task-rest_acq-rc8chan_run-1_space-MNI152NLin2009cAsym_desc-preproc_bold.nii.gz
(74/193) Downloading: sub-29355_ses-1_task-rest_acq-rc8chan_run-1_space-MNI152NLin2009cAsym_desc-preproc_bold.nii.gz
(75/193) Downloading: sub-29356_ses-1_task-rest_acq-rc8chan_run-1_space-MNI152NLin2009cAsym_desc-preproc_bold.nii.gz
(76/193) Downloading: sub-29357_ses-1_task-rest_acq-rc8chan_run-1_space-MNI152NLin2009cAsym_desc-preproc_bold.nii.gz
(77/193) Downloading: sub-29358_ses-1_task-rest_acq-rc8chan_run-1_space-MNI152NLin2009cAsym_desc-preproc_bold.nii.gz
(78/193) Downloading: sub-29359_ses-1_task-rest_acq-rc8chan_run-1_space-MNI152NLin2009cAsym_desc-preproc_bold.nii.gz
(79/193) Downloading: sub-29360_ses-1_task-rest_acq-rc8chan_run-1_space-MNI152NLin2009cAsym_desc-preproc_bold.nii.gz
(80/193) Downloading: sub-29361_ses-1_task-rest_acq-rc8chan_run-1_space-MNI152NLin2009cAsym_desc-preproc_bold.nii.gz
(81/193) Downloading: sub-29362_ses-1_task-rest_acq-rc8chan_run-1_space-MNI152NLin2009cAsym_desc-preproc_bold.nii.gz
(82/193) Downloading: sub-29363_ses-1_task-rest_acq-rc8chan_run-1_space-MNI152NLin2009cAsym_desc-preproc_bold.nii.gz
(83/193) Downloading: sub-29364_ses-1_task-rest_acq-rc8chan_run-1_space-MNI152NLin2009cAsym_desc-preproc_bold.nii.gz
(84/193) Downloading: sub-29365_ses-1_task-rest_acq-rc32chan_run-1_space-MNI152NLin2009cAsym_desc-preproc_bold.nii.gz
(85/193) Downloading: sub-29366_ses-1_task-rest_acq-rc32chan_run-1_space-MNI152NLin2009cAsym_desc-preproc_bold.nii.gz
(86/193) Downloading: sub-29367_ses-1_task-rest_acq-rc8chan_run-1_space-MNI152NLin2009cAsym_desc-preproc_bold.nii.gz
(87/193) Downloading: sub-29368_ses-1_task-rest_acq-rc8chan_run-1_space-MNI152NLin2009cAsym_desc-preproc_bold.nii.gz
(88/193) Downloading: sub-29370_ses-1_task-rest_acq-rc8chan_run-1_space-MNI152NLin2009cAsym_desc-preproc_bold.nii.gz
(89/193) Downloading: sub-29371_ses-1_task-rest_acq-rc8chan_run-1_space-MNI152NLin2009cAsym_desc-preproc_bold.nii.gz
(90/193) Downloading: sub-29372_ses-1_task-rest_acq-rc8chan_run-1_space-MNI152NLin2009cAsym_desc-preproc_bold.nii.gz
(91/193) Downloading: sub-29373_ses-1_task-rest_acq-rc8chan_run-1_space-MNI152NLin2009cAsym_desc-preproc_bold.nii.gz
(92/193) Downloading: sub-29375_ses-1_task-rest_acq-rc8chan_run-1_space-MNI152NLin2009cAsym_desc-preproc_bold.nii.gz
(93/193) Downloading: sub-29376_ses-1_task-rest_acq-rc8chan_run-1_space-MNI152NLin2009cAsym_desc-preproc_bold.nii.gz
(94/193) Downloading: sub-29377_ses-1_task-rest_acq-rc8chan_run-1_space-MNI152NLin2009cAsym_desc-preproc_bold.nii.gz
(95/193) Downloading: sub-29378_ses-1_task-rest_acq-rc8chan_run-1_space-MNI152NLin2009cAsym_desc-preproc_bold.nii.gz
(96/193) Downloading: sub-29379_ses-1_task-rest_acq-rc8chan_run-1_space-MNI152NLin2009cAsym_desc-preproc_bold.nii.gz
(97/193) Downloading: sub-29380_ses-1_task-rest_acq-rc8chan_run-1_space-MNI152NLin2009cAsym_desc-preproc_bold.nii.gz
(98/193) Downloading: sub-29381_ses-1_task-rest_acq-rc8chan_run-1_space-MNI152NLin2009cAsym_desc-preproc_bold.nii.gz
(99/193) Downloading: sub-29382_ses-1_task-rest_acq-rc8chan_run-1_space-MNI152NLin2009cAsym_desc-preproc_bold.nii.gz
(100/193) Downloading: sub-29383_ses-1_task-rest_acq-rc8chan_run-1_space-MNI152NLin2009cAsym_desc-preproc_bold.nii.gz
(101/193) Downloading: sub-29384_ses-1_task-rest_acq-rc8chan_run-1_space-MNI152NLin2009cAsym_desc-preproc_bold.nii.gz
(102/193) Downloading: sub-29385_ses-1_task-rest_acq-rc8chan_run-1_space-MNI152NLin2009cAsym_desc-preproc_bold.nii.gz
(103/193) Already downloaded: sub-29386_ses-1_task-rest_acq-rc8chan_run-1_space-MNI152NLin2009cAsym_desc-preproc_bold.nii.gz
(104/193) Downloading: sub-29387_ses-1_task-rest_acq-rc8chan_run-1_space-MNI152NLin2009cAsym_desc-preproc_bold.nii.gz
(105/193) Downloading: sub-29389_ses-1_task-rest_acq-rc8chan_run-1_space-MNI152NLin2009cAsym_desc-preproc_bold.nii.gz
(106/193) Downloading: sub-29390_ses-1_task-rest_acq-rc8chan_run-1_space-MNI152NLin2009cAsym_desc-preproc_bold.nii.gz
(107/193) Downloading: sub-29391_ses-1_task-rest_acq-rc8chan_run-1_space-MNI152NLin2009cAsym_desc-preproc_bold.nii.gz
(108/193) Downloading: sub-29392_ses-1_task-rest_acq-rc8chan_run-1_space-MNI152NLin2009cAsym_desc-preproc_bold.nii.gz
(109/193) Downloading: sub-29393_ses-1_task-rest_acq-rc8chan_run-1_space-MNI152NLin2009cAsym_desc-preproc_bold.nii.gz
(110/193) Downloading: sub-29394_ses-1_task-rest_acq-rc8chan_run-1_space-MNI152NLin2009cAsym_desc-preproc_bold.nii.gz
(111/193) Downloading: sub-29396_ses-1_task-rest_acq-rc8chan_run-1_space-MNI152NLin2009cAsym_desc-preproc_bold.nii.gz
(112/193) Downloading: sub-29397_ses-1_task-rest_acq-rc8chan_run-1_space-MNI152NLin2009cAsym_desc-preproc_bold.nii.gz
(113/193) Downloading: sub-29399_ses-1_task-rest_acq-rc8chan_run-1_space-MNI152NLin2009cAsym_desc-preproc_bold.nii.gz
(114/193) Downloading: sub-29400_ses-1_task-rest_acq-rc8chan_run-1_space-MNI152NLin2009cAsym_desc-preproc_bold.nii.gz
(115/193) Downloading: sub-29401_ses-1_task-rest_acq-rc8chan_run-1_space-MNI152NLin2009cAsym_desc-preproc_bold.nii.gz
(116/193) Downloading: sub-29403_ses-1_task-rest_acq-rc8chan_run-1_space-MNI152NLin2009cAsym_desc-preproc_bold.nii.gz
(117/193) Downloading: sub-29404_ses-1_task-rest_acq-rc8chan_run-1_space-MNI152NLin2009cAsym_desc-preproc_bold.nii.gz
(118/193) Downloading: sub-29405_ses-1_task-rest_acq-rc32chan_run-1_space-MNI152NLin2009cAsym_desc-preproc_bold.nii.gz
(119/193) Downloading: sub-29407_ses-1_task-rest_acq-rc32chan_run-1_space-MNI152NLin2009cAsym_desc-preproc_bold.nii.gz
(120/193) Downloading: sub-29408_ses-1_task-rest_acq-rc8chan_run-1_space-MNI152NLin2009cAsym_desc-preproc_bold.nii.gz
(121/193) Downloading: sub-29409_ses-1_task-rest_acq-rc32chan_run-1_space-MNI152NLin2009cAsym_desc-preproc_bold.nii.gz
(122/193) Downloading: sub-29410_ses-1_task-rest_acq-rc8chan_run-1_space-MNI152NLin2009cAsym_desc-preproc_bold.nii.gz
(123/193) Downloading: sub-29411_ses-1_task-rest_acq-rc32chan_run-1_space-MNI152NLin2009cAsym_desc-preproc_bold.nii.gz
(124/193) Downloading: sub-29412_ses-1_task-rest_acq-rc32chan_run-1_space-MNI152NLin2009cAsym_desc-preproc_bold.nii.gz
(125/193) Downloading: sub-29413_ses-1_task-rest_acq-rc32chan_run-1_space-MNI152NLin2009cAsym_desc-preproc_bold.nii.gz
(126/193) Downloading: sub-29414_ses-1_task-rest_acq-rc32chan_run-1_space-MNI152NLin2009cAsym_desc-preproc_bold.nii.gz
(127/193) Downloading: sub-29415_ses-1_task-rest_acq-rc8chan_run-1_space-MNI152NLin2009cAsym_desc-preproc_bold.nii.gz
(128/193) Downloading: sub-29416_ses-1_task-rest_acq-rc32chan_run-1_space-MNI152NLin2009cAsym_desc-preproc_bold.nii.gz
(129/193) Downloading: sub-29417_ses-1_task-rest_acq-rc32chan_run-1_space-MNI152NLin2009cAsym_desc-preproc_bold.nii.gz
(130/193) Downloading: sub-29418_ses-1_task-rest_acq-rc32chan_run-1_space-MNI152NLin2009cAsym_desc-preproc_bold.nii.gz
(131/193) Downloading: sub-29419_ses-1_task-rest_acq-rc32chan_run-1_space-MNI152NLin2009cAsym_desc-preproc_bold.nii.gz
(132/193) Downloading: sub-29420_ses-1_task-rest_acq-rc8chan_run-1_space-MNI152NLin2009cAsym_desc-preproc_bold.nii.gz
(133/193) Downloading: sub-29421_ses-1_task-rest_acq-rc32chan_run-1_space-MNI152NLin2009cAsym_desc-preproc_bold.nii.gz
(134/193) Downloading: sub-29422_ses-1_task-rest_acq-rc8chan_run-1_space-MNI152NLin2009cAsym_desc-preproc_bold.nii.gz
(135/193) Downloading: sub-29423_ses-1_task-rest_acq-rc32chan_run-1_space-MNI152NLin2009cAsym_desc-preproc_bold.nii.gz
(136/193) Downloading: sub-29424_ses-1_task-rest_acq-rc8chan_run-1_space-MNI152NLin2009cAsym_desc-preproc_bold.nii.gz
(137/193) Downloading: sub-29425_ses-1_task-rest_acq-rc32chan_run-1_space-MNI152NLin2009cAsym_desc-preproc_bold.nii.gz
(138/193) Downloading: sub-29427_ses-1_task-rest_acq-rc32chan_run-1_space-MNI152NLin2009cAsym_desc-preproc_bold.nii.gz
(139/193) Downloading: sub-29428_ses-1_task-rest_acq-rc32chan_run-1_space-MNI152NLin2009cAsym_desc-preproc_bold.nii.gz
(140/193) Downloading: sub-29429_ses-1_task-rest_acq-rc32chan_run-1_space-MNI152NLin2009cAsym_desc-preproc_bold.nii.gz
(141/193) Downloading: sub-29430_ses-1_task-rest_acq-rc32chan_run-1_space-MNI152NLin2009cAsym_desc-preproc_bold.nii.gz
(142/193) Downloading: sub-29431_ses-1_task-rest_acq-rc32chan_run-1_space-MNI152NLin2009cAsym_desc-preproc_bold.nii.gz
(143/193) Downloading: sub-29432_ses-1_task-rest_acq-rc8chan_run-1_space-MNI152NLin2009cAsym_desc-preproc_bold.nii.gz
(144/193) Downloading: sub-29434_ses-1_task-rest_acq-rc8chan_run-1_space-MNI152NLin2009cAsym_desc-preproc_bold.nii.gz
(145/193) Downloading: sub-29435_ses-1_task-rest_acq-rc32chan_run-1_space-MNI152NLin2009cAsym_desc-preproc_bold.nii.gz
(146/193) Downloading: sub-29436_ses-1_task-rest_acq-rc8chan_run-1_space-MNI152NLin2009cAsym_desc-preproc_bold.nii.gz
(147/193) Downloading: sub-29437_ses-1_task-rest_acq-rc8chan_run-1_space-MNI152NLin2009cAsym_desc-preproc_bold.nii.gz
(148/193) Downloading: sub-29438_ses-1_task-rest_acq-rc8chan_run-1_space-MNI152NLin2009cAsym_desc-preproc_bold.nii.gz
(149/193) Downloading: sub-29439_ses-1_task-rest_acq-rc8chan_run-1_space-MNI152NLin2009cAsym_desc-preproc_bold.nii.gz
(150/193) Downloading: sub-29441_ses-1_task-rest_acq-rc8chan_run-1_space-MNI152NLin2009cAsym_desc-preproc_bold.nii.gz
(151/193) Downloading: sub-29442_ses-1_task-rest_acq-rc8chan_run-1_space-MNI152NLin2009cAsym_desc-preproc_bold.nii.gz
(152/193) Downloading: sub-29443_ses-1_task-rest_acq-rc32chan_run-1_space-MNI152NLin2009cAsym_desc-preproc_bold.nii.gz
(153/193) Downloading: sub-29444_ses-1_task-rest_acq-rc32chan_run-1_space-MNI152NLin2009cAsym_desc-preproc_bold.nii.gz
(154/193) Downloading: sub-29445_ses-1_task-rest_acq-rc8chan_run-1_space-MNI152NLin2009cAsym_desc-preproc_bold.nii.gz
(155/193) Downloading: sub-29446_ses-1_task-rest_acq-rc8chan_run-1_space-MNI152NLin2009cAsym_desc-preproc_bold.nii.gz
(156/193) Downloading: sub-29447_ses-1_task-rest_acq-rc32chan_run-1_space-MNI152NLin2009cAsym_desc-preproc_bold.nii.gz
(157/193) Downloading: sub-29448_ses-1_task-rest_acq-rc32chan_run-1_space-MNI152NLin2009cAsym_desc-preproc_bold.nii.gz
(158/193) Downloading: sub-29449_ses-1_task-rest_acq-rc32chan_run-1_space-MNI152NLin2009cAsym_desc-preproc_bold.nii.gz
(159/193) Downloading: sub-29450_ses-1_task-rest_acq-rc8chan_run-1_space-MNI152NLin2009cAsym_desc-preproc_bold.nii.gz
(160/193) Downloading: sub-29451_ses-1_task-rest_acq-rc32chan_run-1_space-MNI152NLin2009cAsym_desc-preproc_bold.nii.gz
(161/193) Downloading: sub-29453_ses-1_task-rest_acq-rc32chan_run-1_space-MNI152NLin2009cAsym_desc-preproc_bold.nii.gz
(162/193) Downloading: sub-29454_ses-1_task-rest_acq-rc32chan_run-1_space-MNI152NLin2009cAsym_desc-preproc_bold.nii.gz
(163/193) Downloading: sub-29455_ses-1_task-rest_acq-rc32chan_run-1_space-MNI152NLin2009cAsym_desc-preproc_bold.nii.gz
(164/193) Downloading: sub-29456_ses-1_task-rest_acq-rc32chan_run-1_space-MNI152NLin2009cAsym_desc-preproc_bold.nii.gz
(165/193) Downloading: sub-29457_ses-1_task-rest_acq-rc32chan_run-1_space-MNI152NLin2009cAsym_desc-preproc_bold.nii.gz
(166/193) Downloading: sub-29458_ses-1_task-rest_acq-rc32chan_run-1_space-MNI152NLin2009cAsym_desc-preproc_bold.nii.gz
(167/193) Downloading: sub-29459_ses-1_task-rest_acq-rc32chan_run-1_space-MNI152NLin2009cAsym_desc-preproc_bold.nii.gz
(168/193) Downloading: sub-29460_ses-1_task-rest_acq-rc32chan_run-1_space-MNI152NLin2009cAsym_desc-preproc_bold.nii.gz
(169/193) Downloading: sub-29461_ses-1_task-rest_acq-rc32chan_run-1_space-MNI152NLin2009cAsym_desc-preproc_bold.nii.gz
(170/193) Downloading: sub-29462_ses-1_task-rest_acq-rc32chan_run-1_space-MNI152NLin2009cAsym_desc-preproc_bold.nii.gz
(171/193) Downloading: sub-29463_ses-1_task-rest_acq-rc32chan_run-1_space-MNI152NLin2009cAsym_desc-preproc_bold.nii.gz
(172/193) Downloading: sub-29464_ses-1_task-rest_acq-rc32chan_run-1_space-MNI152NLin2009cAsym_desc-preproc_bold.nii.gz
(173/193) Downloading: sub-29465_ses-1_task-rest_acq-rc32chan_run-1_space-MNI152NLin2009cAsym_desc-preproc_bold.nii.gz
(174/193) Downloading: sub-29466_ses-1_task-rest_acq-rc32chan_run-1_space-MNI152NLin2009cAsym_desc-preproc_bold.nii.gz
(175/193) Downloading: sub-29467_ses-1_task-rest_acq-rc32chan_run-1_space-MNI152NLin2009cAsym_desc-preproc_bold.nii.gz
(176/193) Downloading: sub-29468_ses-1_task-rest_acq-rc8chan_run-1_space-MNI152NLin2009cAsym_desc-preproc_bold.nii.gz
(177/193) Downloading: sub-29469_ses-1_task-rest_acq-rc32chan_run-1_space-MNI152NLin2009cAsym_desc-preproc_bold.nii.gz
(178/193) Downloading: sub-29470_ses-1_task-rest_acq-rc32chan_run-1_space-MNI152NLin2009cAsym_desc-preproc_bold.nii.gz
(179/193) Downloading: sub-29471_ses-1_task-rest_acq-rc32chan_run-1_space-MNI152NLin2009cAsym_desc-preproc_bold.nii.gz
(180/193) Downloading: sub-29472_ses-1_task-rest_acq-rc8chan_run-1_space-MNI152NLin2009cAsym_desc-preproc_bold.nii.gz
(181/193) Downloading: sub-29473_ses-1_task-rest_acq-rc32chan_run-1_space-MNI152NLin2009cAsym_desc-preproc_bold.nii.gz
(182/193) Downloading: sub-29474_ses-1_task-rest_acq-rc32chan_run-1_space-MNI152NLin2009cAsym_desc-preproc_bold.nii.gz
(183/193) Downloading: sub-29475_ses-1_task-rest_acq-rc32chan_run-1_space-MNI152NLin2009cAsym_desc-preproc_bold.nii.gz
(184/193) Downloading: sub-29476_ses-1_task-rest_acq-rc32chan_run-1_space-MNI152NLin2009cAsym_desc-preproc_bold.nii.gz
(185/193) Downloading: sub-29477_ses-1_task-rest_acq-rc32chan_run-1_space-MNI152NLin2009cAsym_desc-preproc_bold.nii.gz
(186/193) Downloading: sub-29478_ses-1_task-rest_acq-rc32chan_run-1_space-MNI152NLin2009cAsym_desc-preproc_bold.nii.gz
(187/193) Downloading: sub-29479_ses-1_task-rest_acq-rc32chan_run-1_space-MNI152NLin2009cAsym_desc-preproc_bold.nii.gz
(188/193) Already downloaded: sub-29480_ses-1_task-rest_acq-rc32chan_run-1_space-MNI152NLin2009cAsym_desc-preproc_bold.nii.gz
(189/193) Downloading: sub-29481_ses-1_task-rest_acq-rc32chan_run-1_space-MNI152NLin2009cAsym_desc-preproc_bold.nii.gz
(190/193) Downloading: sub-29482_ses-1_task-rest_acq-rc32chan_run-1_space-MNI152NLin2009cAsym_desc-preproc_bold.nii.gz
(191/193) Downloading: sub-29483_ses-1_task-rest_acq-rc32chan_run-1_space-MNI152NLin2009cAsym_desc-preproc_bold.nii.gz
(192/193) Downloading: sub-29484_ses-1_task-rest_acq-rc32chan_run-1_space-MNI152NLin2009cAsym_desc-preproc_bold.nii.gz
(193/193) Downloading: sub-29485_ses-1_task-rest_acq-rc32chan_run-1_space-MNI152NLin2009cAsym_desc-preproc_bold.nii.gz
Successfully processed 193/193 files for site ABIDEII-KKI_1.
Data is located in: ./abide2_all_sites_data/ABIDEII-KKI_1/fmriprep_functional

--- Processing site: ABIDEII-KUL_3 ---
Found 28 subjects in phenotype file.
Found 24 matching functional files (`...desc-preproc_bold.nii.gz`) to download for site 'ABIDEII-KUL_3'.
(1/24) Downloading: sub-29656_ses-1_task-rest_run-1_space-MNI152NLin2009cAsym_desc-preproc_bold.nii.gz
(2/24) Downloading: sub-29657_ses-1_task-rest_run-1_space-MNI152NLin2009cAsym_desc-preproc_bold.nii.gz
(3/24) Downloading: sub-29658_ses-1_task-rest_run-1_space-MNI152NLin2009cAsym_desc-preproc_bold.nii.gz
(4/24) Downloading: sub-29659_ses-1_task-rest_run-1_space-MNI152NLin2009cAsym_desc-preproc_bold.nii.gz
(5/24) Downloading: sub-29660_ses-1_task-rest_run-1_space-MNI152NLin2009cAsym_desc-preproc_bold.nii.gz
(6/24) Downloading: sub-29661_ses-1_task-rest_run-1_space-MNI152NLin2009cAsym_desc-preproc_bold.nii.gz
(7/24) Downloading: sub-29662_ses-1_task-rest_run-1_space-MNI152NLin2009cAsym_desc-preproc_bold.nii.gz
(8/24) Downloading: sub-29664_ses-1_task-rest_run-1_space-MNI152NLin2009cAsym_desc-preproc_bold.nii.gz
(9/24) Downloading: sub-29665_ses-1_task-rest_run-1_space-MNI152NLin2009cAsym_desc-preproc_bold.nii.gz
(10/24) Downloading: sub-29666_ses-1_task-rest_run-1_space-MNI152NLin2009cAsym_desc-preproc_bold.nii.gz
(11/24) Downloading: sub-29667_ses-1_task-rest_run-1_space-MNI152NLin2009cAsym_desc-preproc_bold.nii.gz
(12/24) Downloading: sub-29668_ses-1_task-rest_run-1_space-MNI152NLin2009cAsym_desc-preproc_bold.nii.gz
(13/24) Downloading: sub-29669_ses-1_task-rest_run-1_space-MNI152NLin2009cAsym_desc-preproc_bold.nii.gz
(14/24) Downloading: sub-29670_ses-1_task-rest_run-1_space-MNI152NLin2009cAsym_desc-preproc_bold.nii.gz
(15/24) Downloading: sub-29671_ses-1_task-rest_run-1_space-MNI152NLin2009cAsym_desc-preproc_bold.nii.gz
(16/24) Downloading: sub-29675_ses-1_task-rest_run-1_space-MNI152NLin2009cAsym_desc-preproc_bold.nii.gz
(17/24) Downloading: sub-29676_ses-1_task-rest_run-1_space-MNI152NLin2009cAsym_desc-preproc_bold.nii.gz
(18/24) Downloading: sub-29677_ses-1_task-rest_run-1_space-MNI152NLin2009cAsym_desc-preproc_bold.nii.gz
(19/24) Downloading: sub-29678_ses-1_task-rest_run-1_space-MNI152NLin2009cAsym_desc-preproc_bold.nii.gz
(20/24) Downloading: sub-29679_ses-1_task-rest_run-1_space-MNI152NLin2009cAsym_desc-preproc_bold.nii.gz
(21/24) Downloading: sub-29794_ses-1_task-rest_run-1_space-MNI152NLin2009cAsym_desc-preproc_bold.nii.gz
(22/24) Downloading: sub-29796_ses-1_task-rest_run-1_space-MNI152NLin2009cAsym_desc-preproc_bold.nii.gz
(23/24) Downloading: sub-29797_ses-1_task-rest_run-1_space-MNI152NLin2009cAsym_desc-preproc_bold.nii.gz
(24/24) Downloading: sub-29798_ses-1_task-rest_run-1_space-MNI152NLin2009cAsym_desc-preproc_bold.nii.gz
Successfully processed 24/24 files for site ABIDEII-KUL_3.
Data is located in: ./abide2_all_sites_data/ABIDEII-KUL_3/fmriprep_functional

--- Processing site: ABIDEII-NYU_1 ---
Found 78 subjects in phenotype file.
Found 22 matching functional files (`...desc-preproc_bold.nii.gz`) to download for site 'ABIDEII-NYU_1'.
(1/22) Downloading: sub-29180_ses-1_task-rest_run-1_space-MNI152NLin2009cAsym_desc-preproc_bold.nii.gz
(2/22) Downloading: sub-29181_ses-1_task-rest_run-1_space-MNI152NLin2009cAsym_desc-preproc_bold.nii.gz
(3/22) Downloading: sub-29183_ses-1_task-rest_run-1_space-MNI152NLin2009cAsym_desc-preproc_bold.nii.gz
(4/22) Downloading: sub-29184_ses-1_task-rest_run-1_space-MNI152NLin2009cAsym_desc-preproc_bold.nii.gz
(5/22) Downloading: sub-29192_ses-1_task-rest_run-1_space-MNI152NLin2009cAsym_desc-preproc_bold.nii.gz
(6/22) Downloading: sub-29195_ses-1_task-rest_run-1_space-MNI152NLin2009cAsym_desc-preproc_bold.nii.gz
(7/22) Downloading: sub-29197_ses-1_task-rest_run-1_space-MNI152NLin2009cAsym_desc-preproc_bold.nii.gz
(8/22) Downloading: sub-29203_ses-1_task-rest_run-1_space-MNI152NLin2009cAsym_desc-preproc_bold.nii.gz
(9/22) Downloading: sub-29207_ses-1_task-rest_run-1_space-MNI152NLin2009cAsym_desc-preproc_bold.nii.gz
(10/22) Downloading: sub-29209_ses-1_task-rest_run-1_space-MNI152NLin2009cAsym_desc-preproc_bold.nii.gz
(11/22) Downloading: sub-29210_ses-1_task-rest_run-1_space-MNI152NLin2009cAsym_desc-preproc_bold.nii.gz
(12/22) Downloading: sub-29213_ses-1_task-rest_run-1_space-MNI152NLin2009cAsym_desc-preproc_bold.nii.gz
(13/22) Downloading: sub-29221_ses-1_task-rest_run-1_space-MNI152NLin2009cAsym_desc-preproc_bold.nii.gz
(14/22) Downloading: sub-29224_ses-1_task-rest_run-1_space-MNI152NLin2009cAsym_desc-preproc_bold.nii.gz
(15/22) Downloading: sub-29228_ses-1_task-rest_run-1_space-MNI152NLin2009cAsym_desc-preproc_bold.nii.gz
(16/22) Downloading: sub-29229_ses-1_task-rest_run-1_space-MNI152NLin2009cAsym_desc-preproc_bold.nii.gz
(17/22) Downloading: sub-29232_ses-1_task-rest_run-1_space-MNI152NLin2009cAsym_desc-preproc_bold.nii.gz
(18/22) Downloading: sub-29236_ses-1_task-rest_run-1_space-MNI152NLin2009cAsym_desc-preproc_bold.nii.gz
(19/22) Downloading: sub-29237_ses-1_task-rest_run-1_space-MNI152NLin2009cAsym_desc-preproc_bold.nii.gz
(20/22) Downloading: sub-29246_ses-1_task-rest_run-1_space-MNI152NLin2009cAsym_desc-preproc_bold.nii.gz
(21/22) Downloading: sub-29247_ses-1_task-rest_run-1_space-MNI152NLin2009cAsym_desc-preproc_bold.nii.gz
(22/22) Downloading: sub-29250_ses-1_task-rest_run-1_space-MNI152NLin2009cAsym_desc-preproc_bold.nii.gz
Successfully processed 22/22 files for site ABIDEII-NYU_1.
Data is located in: ./abide2_all_sites_data/ABIDEII-NYU_1/fmriprep_functional

--- Processing site: ABIDEII-NYU_2 ---
Found 27 subjects in phenotype file.
Found 15 matching functional files (`...desc-preproc_bold.nii.gz`) to download for site 'ABIDEII-NYU_2'.
(1/15) Downloading: sub-29150_ses-1_task-rest_run-1_space-MNI152NLin2009cAsym_desc-preproc_bold.nii.gz
(2/15) Downloading: sub-29151_ses-1_task-rest_run-1_space-MNI152NLin2009cAsym_desc-preproc_bold.nii.gz
(3/15) Downloading: sub-29152_ses-1_task-rest_run-1_space-MNI152NLin2009cAsym_desc-preproc_bold.nii.gz
(4/15) Downloading: sub-29153_ses-1_task-rest_run-1_space-MNI152NLin2009cAsym_desc-preproc_bold.nii.gz
(5/15) Downloading: sub-29154_ses-1_task-rest_run-1_space-MNI152NLin2009cAsym_desc-preproc_bold.nii.gz
(6/15) Downloading: sub-29155_ses-1_task-rest_run-1_space-MNI152NLin2009cAsym_desc-preproc_bold.nii.gz
(7/15) Downloading: sub-29157_ses-1_task-rest_run-1_space-MNI152NLin2009cAsym_desc-preproc_bold.nii.gz
(8/15) Downloading: sub-29158_ses-1_task-rest_run-1_space-MNI152NLin2009cAsym_desc-preproc_bold.nii.gz
(9/15) Downloading: sub-29161_ses-1_task-rest_run-1_space-MNI152NLin2009cAsym_desc-preproc_bold.nii.gz
(10/15) Downloading: sub-29163_ses-1_task-rest_run-1_space-MNI152NLin2009cAsym_desc-preproc_bold.nii.gz
(11/15) Downloading: sub-29166_ses-1_task-rest_run-1_space-MNI152NLin2009cAsym_desc-preproc_bold.nii.gz
(12/15) Downloading: sub-29169_ses-1_task-rest_run-1_space-MNI152NLin2009cAsym_desc-preproc_bold.nii.gz
(13/15) Downloading: sub-29172_ses-1_task-rest_run-1_space-MNI152NLin2009cAsym_desc-preproc_bold.nii.gz
(14/15) Downloading: sub-29173_ses-1_task-rest_run-1_space-MNI152NLin2009cAsym_desc-preproc_bold.nii.gz
(15/15) Downloading: sub-29176_ses-1_task-rest_run-1_space-MNI152NLin2009cAsym_desc-preproc_bold.nii.gz
Successfully processed 15/15 files for site ABIDEII-NYU_2.
Data is located in: ./abide2_all_sites_data/ABIDEII-NYU_2/fmriprep_functional

--- Processing site: ABIDEII-OHSU_1 ---
Found 93 subjects in phenotype file.
Found 114 matching functional files (`...desc-preproc_bold.nii.gz`) to download for site 'ABIDEII-OHSU_1'.
(1/114) Downloading: sub-28920_ses-1_task-rest_run-1_space-MNI152NLin2009cAsym_desc-preproc_bold.nii.gz
(2/114) Downloading: sub-28920_ses-1_task-rest_run-2_space-MNI152NLin2009cAsym_desc-preproc_bold.nii.gz
(3/114) Downloading: sub-28920_ses-1_task-rest_run-3_space-MNI152NLin2009cAsym_desc-preproc_bold.nii.gz
(4/114) Downloading: sub-28924_ses-1_task-rest_run-1_space-MNI152NLin2009cAsym_desc-preproc_bold.nii.gz
(5/114) Downloading: sub-28924_ses-1_task-rest_run-2_space-MNI152NLin2009cAsym_desc-preproc_bold.nii.gz
(6/114) Downloading: sub-28924_ses-1_task-rest_run-3_space-MNI152NLin2009cAsym_desc-preproc_bold.nii.gz
(7/114) Downloading: sub-28925_ses-1_task-rest_run-1_space-MNI152NLin2009cAsym_desc-preproc_bold.nii.gz
(8/114) Downloading: sub-28925_ses-1_task-rest_run-2_space-MNI152NLin2009cAsym_desc-preproc_bold.nii.gz
(9/114) Downloading: sub-28925_ses-1_task-rest_run-3_space-MNI152NLin2009cAsym_desc-preproc_bold.nii.gz
(10/114) Downloading: sub-28931_ses-1_task-rest_run-1_space-MNI152NLin2009cAsym_desc-preproc_bold.nii.gz
(11/114) Downloading: sub-28931_ses-1_task-rest_run-2_space-MNI152NLin2009cAsym_desc-preproc_bold.nii.gz
(12/114) Downloading: sub-28931_ses-1_task-rest_run-3_space-MNI152NLin2009cAsym_desc-preproc_bold.nii.gz
(13/114) Downloading: sub-28933_ses-1_task-rest_run-1_space-MNI152NLin2009cAsym_desc-preproc_bold.nii.gz
(14/114) Downloading: sub-28933_ses-1_task-rest_run-2_space-MNI152NLin2009cAsym_desc-preproc_bold.nii.gz
(15/114) Downloading: sub-28933_ses-1_task-rest_run-3_space-MNI152NLin2009cAsym_desc-preproc_bold.nii.gz
(16/114) Downloading: sub-28934_ses-1_task-rest_run-1_space-MNI152NLin2009cAsym_desc-preproc_bold.nii.gz
(17/114) Downloading: sub-28934_ses-1_task-rest_run-2_space-MNI152NLin2009cAsym_desc-preproc_bold.nii.gz
(18/114) Downloading: sub-28934_ses-1_task-rest_run-3_space-MNI152NLin2009cAsym_desc-preproc_bold.nii.gz
(19/114) Downloading: sub-28935_ses-1_task-rest_run-1_space-MNI152NLin2009cAsym_desc-preproc_bold.nii.gz
(20/114) Downloading: sub-28935_ses-1_task-rest_run-2_space-MNI152NLin2009cAsym_desc-preproc_bold.nii.gz
(21/114) Downloading: sub-28935_ses-1_task-rest_run-3_space-MNI152NLin2009cAsym_desc-preproc_bold.nii.gz
(22/114) Downloading: sub-28937_ses-1_task-rest_run-1_space-MNI152NLin2009cAsym_desc-preproc_bold.nii.gz
(23/114) Downloading: sub-28937_ses-1_task-rest_run-2_space-MNI152NLin2009cAsym_desc-preproc_bold.nii.gz
(24/114) Downloading: sub-28937_ses-1_task-rest_run-3_space-MNI152NLin2009cAsym_desc-preproc_bold.nii.gz
(25/114) Downloading: sub-28939_ses-1_task-rest_run-1_space-MNI152NLin2009cAsym_desc-preproc_bold.nii.gz
(26/114) Downloading: sub-28939_ses-1_task-rest_run-2_space-MNI152NLin2009cAsym_desc-preproc_bold.nii.gz
(27/114) Downloading: sub-28939_ses-1_task-rest_run-3_space-MNI152NLin2009cAsym_desc-preproc_bold.nii.gz
(28/114) Downloading: sub-28940_ses-1_task-rest_run-1_space-MNI152NLin2009cAsym_desc-preproc_bold.nii.gz
(29/114) Downloading: sub-28940_ses-1_task-rest_run-2_space-MNI152NLin2009cAsym_desc-preproc_bold.nii.gz
(30/114) Downloading: sub-28940_ses-1_task-rest_run-3_space-MNI152NLin2009cAsym_desc-preproc_bold.nii.gz
(31/114) Downloading: sub-28943_ses-1_task-rest_run-1_space-MNI152NLin2009cAsym_desc-preproc_bold.nii.gz
(32/114) Downloading: sub-28943_ses-1_task-rest_run-2_space-MNI152NLin2009cAsym_desc-preproc_bold.nii.gz
(33/114) Downloading: sub-28943_ses-1_task-rest_run-3_space-MNI152NLin2009cAsym_desc-preproc_bold.nii.gz
(34/114) Downloading: sub-28945_ses-1_task-rest_run-1_space-MNI152NLin2009cAsym_desc-preproc_bold.nii.gz
(35/114) Downloading: sub-28945_ses-1_task-rest_run-2_space-MNI152NLin2009cAsym_desc-preproc_bold.nii.gz
(36/114) Downloading: sub-28945_ses-1_task-rest_run-3_space-MNI152NLin2009cAsym_desc-preproc_bold.nii.gz
(37/114) Downloading: sub-28946_ses-1_task-rest_run-1_space-MNI152NLin2009cAsym_desc-preproc_bold.nii.gz
(38/114) Downloading: sub-28946_ses-1_task-rest_run-2_space-MNI152NLin2009cAsym_desc-preproc_bold.nii.gz
(39/114) Downloading: sub-28946_ses-1_task-rest_run-3_space-MNI152NLin2009cAsym_desc-preproc_bold.nii.gz
(40/114) Downloading: sub-28949_ses-1_task-rest_run-1_space-MNI152NLin2009cAsym_desc-preproc_bold.nii.gz
(41/114) Downloading: sub-28949_ses-1_task-rest_run-2_space-MNI152NLin2009cAsym_desc-preproc_bold.nii.gz
(42/114) Downloading: sub-28949_ses-1_task-rest_run-3_space-MNI152NLin2009cAsym_desc-preproc_bold.nii.gz
(43/114) Downloading: sub-28956_ses-1_task-rest_run-1_space-MNI152NLin2009cAsym_desc-preproc_bold.nii.gz
(44/114) Downloading: sub-28956_ses-1_task-rest_run-2_space-MNI152NLin2009cAsym_desc-preproc_bold.nii.gz
(45/114) Downloading: sub-28956_ses-1_task-rest_run-3_space-MNI152NLin2009cAsym_desc-preproc_bold.nii.gz
(46/114) Downloading: sub-28963_ses-1_task-rest_run-1_space-MNI152NLin2009cAsym_desc-preproc_bold.nii.gz
(47/114) Downloading: sub-28963_ses-1_task-rest_run-2_space-MNI152NLin2009cAsym_desc-preproc_bold.nii.gz
(48/114) Downloading: sub-28963_ses-1_task-rest_run-3_space-MNI152NLin2009cAsym_desc-preproc_bold.nii.gz
(49/114) Downloading: sub-28969_ses-1_task-rest_run-1_space-MNI152NLin2009cAsym_desc-preproc_bold.nii.gz
(50/114) Downloading: sub-28969_ses-1_task-rest_run-2_space-MNI152NLin2009cAsym_desc-preproc_bold.nii.gz
(51/114) Downloading: sub-28969_ses-1_task-rest_run-3_space-MNI152NLin2009cAsym_desc-preproc_bold.nii.gz
(52/114) Downloading: sub-28971_ses-1_task-rest_run-1_space-MNI152NLin2009cAsym_desc-preproc_bold.nii.gz
(53/114) Downloading: sub-28971_ses-1_task-rest_run-2_space-MNI152NLin2009cAsym_desc-preproc_bold.nii.gz
(54/114) Downloading: sub-28971_ses-1_task-rest_run-3_space-MNI152NLin2009cAsym_desc-preproc_bold.nii.gz
(55/114) Downloading: sub-28976_ses-1_task-rest_run-1_space-MNI152NLin2009cAsym_desc-preproc_bold.nii.gz
(56/114) Downloading: sub-28976_ses-1_task-rest_run-2_space-MNI152NLin2009cAsym_desc-preproc_bold.nii.gz
(57/114) Downloading: sub-28976_ses-1_task-rest_run-3_space-MNI152NLin2009cAsym_desc-preproc_bold.nii.gz
(58/114) Downloading: sub-28977_ses-1_task-rest_run-1_space-MNI152NLin2009cAsym_desc-preproc_bold.nii.gz
(59/114) Downloading: sub-28977_ses-1_task-rest_run-2_space-MNI152NLin2009cAsym_desc-preproc_bold.nii.gz
(60/114) Downloading: sub-28977_ses-1_task-rest_run-3_space-MNI152NLin2009cAsym_desc-preproc_bold.nii.gz
(61/114) Downloading: sub-28980_ses-1_task-rest_run-1_space-MNI152NLin2009cAsym_desc-preproc_bold.nii.gz
(62/114) Downloading: sub-28980_ses-1_task-rest_run-2_space-MNI152NLin2009cAsym_desc-preproc_bold.nii.gz
(63/114) Downloading: sub-28980_ses-1_task-rest_run-3_space-MNI152NLin2009cAsym_desc-preproc_bold.nii.gz
(64/114) Downloading: sub-28983_ses-1_task-rest_run-1_space-MNI152NLin2009cAsym_desc-preproc_bold.nii.gz
(65/114) Downloading: sub-28983_ses-1_task-rest_run-2_space-MNI152NLin2009cAsym_desc-preproc_bold.nii.gz
(66/114) Downloading: sub-28983_ses-1_task-rest_run-3_space-MNI152NLin2009cAsym_desc-preproc_bold.nii.gz
(67/114) Downloading: sub-28984_ses-1_task-rest_run-1_space-MNI152NLin2009cAsym_desc-preproc_bold.nii.gz
(68/114) Downloading: sub-28984_ses-1_task-rest_run-2_space-MNI152NLin2009cAsym_desc-preproc_bold.nii.gz
(69/114) Downloading: sub-28984_ses-1_task-rest_run-3_space-MNI152NLin2009cAsym_desc-preproc_bold.nii.gz
(70/114) Downloading: sub-28992_ses-1_task-rest_run-1_space-MNI152NLin2009cAsym_desc-preproc_bold.nii.gz
(71/114) Downloading: sub-28992_ses-1_task-rest_run-2_space-MNI152NLin2009cAsym_desc-preproc_bold.nii.gz
(72/114) Downloading: sub-28992_ses-1_task-rest_run-3_space-MNI152NLin2009cAsym_desc-preproc_bold.nii.gz
(73/114) Downloading: sub-28995_ses-1_task-rest_run-1_space-MNI152NLin2009cAsym_desc-preproc_bold.nii.gz
(74/114) Downloading: sub-28995_ses-1_task-rest_run-2_space-MNI152NLin2009cAsym_desc-preproc_bold.nii.gz
(75/114) Downloading: sub-28995_ses-1_task-rest_run-3_space-MNI152NLin2009cAsym_desc-preproc_bold.nii.gz
(76/114) Downloading: sub-28999_ses-1_task-rest_run-1_space-MNI152NLin2009cAsym_desc-preproc_bold.nii.gz
(77/114) Downloading: sub-28999_ses-1_task-rest_run-2_space-MNI152NLin2009cAsym_desc-preproc_bold.nii.gz
(78/114) Downloading: sub-28999_ses-1_task-rest_run-3_space-MNI152NLin2009cAsym_desc-preproc_bold.nii.gz
(79/114) Downloading: sub-29000_ses-1_task-rest_run-1_space-MNI152NLin2009cAsym_desc-preproc_bold.nii.gz
(80/114) Downloading: sub-29000_ses-1_task-rest_run-2_space-MNI152NLin2009cAsym_desc-preproc_bold.nii.gz
(81/114) Downloading: sub-29000_ses-1_task-rest_run-3_space-MNI152NLin2009cAsym_desc-preproc_bold.nii.gz
(82/114) Downloading: sub-29003_ses-1_task-rest_run-1_space-MNI152NLin2009cAsym_desc-preproc_bold.nii.gz
(83/114) Downloading: sub-29003_ses-1_task-rest_run-2_space-MNI152NLin2009cAsym_desc-preproc_bold.nii.gz
(84/114) Downloading: sub-29003_ses-1_task-rest_run-3_space-MNI152NLin2009cAsym_desc-preproc_bold.nii.gz
(85/114) Downloading: sub-29004_ses-1_task-rest_run-1_space-MNI152NLin2009cAsym_desc-preproc_bold.nii.gz
(86/114) Downloading: sub-29004_ses-1_task-rest_run-2_space-MNI152NLin2009cAsym_desc-preproc_bold.nii.gz
(87/114) Downloading: sub-29004_ses-1_task-rest_run-3_space-MNI152NLin2009cAsym_desc-preproc_bold.nii.gz
(88/114) Downloading: sub-30154_ses-1_task-rest_run-1_space-MNI152NLin2009cAsym_desc-preproc_bold.nii.gz
(89/114) Downloading: sub-30154_ses-1_task-rest_run-2_space-MNI152NLin2009cAsym_desc-preproc_bold.nii.gz
(90/114) Downloading: sub-30154_ses-1_task-rest_run-3_space-MNI152NLin2009cAsym_desc-preproc_bold.nii.gz
(91/114) Downloading: sub-30156_ses-1_task-rest_run-1_space-MNI152NLin2009cAsym_desc-preproc_bold.nii.gz
(92/114) Downloading: sub-30156_ses-1_task-rest_run-2_space-MNI152NLin2009cAsym_desc-preproc_bold.nii.gz
(93/114) Downloading: sub-30156_ses-1_task-rest_run-3_space-MNI152NLin2009cAsym_desc-preproc_bold.nii.gz
(94/114) Downloading: sub-30158_ses-1_task-rest_run-1_space-MNI152NLin2009cAsym_desc-preproc_bold.nii.gz
(95/114) Downloading: sub-30158_ses-1_task-rest_run-2_space-MNI152NLin2009cAsym_desc-preproc_bold.nii.gz
(96/114) Downloading: sub-30158_ses-1_task-rest_run-3_space-MNI152NLin2009cAsym_desc-preproc_bold.nii.gz
(97/114) Downloading: sub-30160_ses-1_task-rest_run-1_space-MNI152NLin2009cAsym_desc-preproc_bold.nii.gz
(98/114) Downloading: sub-30160_ses-1_task-rest_run-2_space-MNI152NLin2009cAsym_desc-preproc_bold.nii.gz
(99/114) Downloading: sub-30160_ses-1_task-rest_run-3_space-MNI152NLin2009cAsym_desc-preproc_bold.nii.gz
(100/114) Downloading: sub-30161_ses-1_task-rest_run-1_space-MNI152NLin2009cAsym_desc-preproc_bold.nii.gz
(101/114) Downloading: sub-30161_ses-1_task-rest_run-2_space-MNI152NLin2009cAsym_desc-preproc_bold.nii.gz
(102/114) Downloading: sub-30161_ses-1_task-rest_run-3_space-MNI152NLin2009cAsym_desc-preproc_bold.nii.gz
(103/114) Downloading: sub-30163_ses-1_task-rest_run-1_space-MNI152NLin2009cAsym_desc-preproc_bold.nii.gz
(104/114) Downloading: sub-30163_ses-1_task-rest_run-2_space-MNI152NLin2009cAsym_desc-preproc_bold.nii.gz
(105/114) Downloading: sub-30163_ses-1_task-rest_run-3_space-MNI152NLin2009cAsym_desc-preproc_bold.nii.gz
(106/114) Downloading: sub-30164_ses-1_task-rest_run-1_space-MNI152NLin2009cAsym_desc-preproc_bold.nii.gz
(107/114) Downloading: sub-30164_ses-1_task-rest_run-2_space-MNI152NLin2009cAsym_desc-preproc_bold.nii.gz
(108/114) Downloading: sub-30164_ses-1_task-rest_run-3_space-MNI152NLin2009cAsym_desc-preproc_bold.nii.gz
(109/114) Downloading: sub-30165_ses-1_task-rest_run-1_space-MNI152NLin2009cAsym_desc-preproc_bold.nii.gz
(110/114) Downloading: sub-30165_ses-1_task-rest_run-2_space-MNI152NLin2009cAsym_desc-preproc_bold.nii.gz
(111/114) Downloading: sub-30165_ses-1_task-rest_run-3_space-MNI152NLin2009cAsym_desc-preproc_bold.nii.gz
(112/114) Downloading: sub-30167_ses-1_task-rest_run-1_space-MNI152NLin2009cAsym_desc-preproc_bold.nii.gz
(113/114) Downloading: sub-30167_ses-1_task-rest_run-2_space-MNI152NLin2009cAsym_desc-preproc_bold.nii.gz
(114/114) Downloading: sub-30167_ses-1_task-rest_run-3_space-MNI152NLin2009cAsym_desc-preproc_bold.nii.gz
Successfully processed 114/114 files for site ABIDEII-OHSU_1.
Data is located in: ./abide2_all_sites_data/ABIDEII-OHSU_1/fmriprep_functional

--- Processing site: ABIDEII-OILH_2 ---
Found 59 subjects in phenotype file.
Warning: Found 0 matching files in the S3 list for site ABIDEII-OILH_2. Skipping.

--- Processing site: ABIDEII-SDSU_1 ---
Found 58 subjects in phenotype file.
Warning: Found 0 matching files in the S3 list for site ABIDEII-SDSU_1. Skipping.

--- Processing site: ABIDEII-SU_2 ---
Found 42 subjects in phenotype file.
Warning: Found 0 matching files in the S3 list for site ABIDEII-SU_2. Skipping.

--- Processing site: ABIDEII-TCD_1 ---
Found 42 subjects in phenotype file.
Found 42 matching functional files (`...desc-preproc_bold.nii.gz`) to download for site 'ABIDEII-TCD_1'.
(1/42) Downloading: sub-29096_ses-1_task-rest_run-1_space-MNI152NLin2009cAsym_desc-preproc_bold.nii.gz
(2/42) Downloading: sub-29097_ses-1_task-rest_run-1_space-MNI152NLin2009cAsym_desc-preproc_bold.nii.gz
(3/42) Downloading: sub-29098_ses-1_task-rest_run-1_space-MNI152NLin2009cAsym_desc-preproc_bold.nii.gz
(4/42) Downloading: sub-29099_ses-1_task-rest_run-1_space-MNI152NLin2009cAsym_desc-preproc_bold.nii.gz
(5/42) Downloading: sub-29100_ses-1_task-rest_run-1_space-MNI152NLin2009cAsym_desc-preproc_bold.nii.gz
(6/42) Downloading: sub-29101_ses-1_task-rest_run-1_space-MNI152NLin2009cAsym_desc-preproc_bold.nii.gz
(7/42) Downloading: sub-29102_ses-1_task-rest_run-1_space-MNI152NLin2009cAsym_desc-preproc_bold.nii.gz
(8/42) Downloading: sub-29103_ses-1_task-rest_run-1_space-MNI152NLin2009cAsym_desc-preproc_bold.nii.gz
(9/42) Downloading: sub-29104_ses-1_task-rest_run-1_space-MNI152NLin2009cAsym_desc-preproc_bold.nii.gz
(10/42) Downloading: sub-29105_ses-1_task-rest_run-1_space-MNI152NLin2009cAsym_desc-preproc_bold.nii.gz
(11/42) Downloading: sub-29106_ses-1_task-rest_run-1_space-MNI152NLin2009cAsym_desc-preproc_bold.nii.gz
(12/42) Downloading: sub-29107_ses-1_task-rest_run-1_space-MNI152NLin2009cAsym_desc-preproc_bold.nii.gz
(13/42) Downloading: sub-29108_ses-1_task-rest_run-1_space-MNI152NLin2009cAsym_desc-preproc_bold.nii.gz
(14/42) Downloading: sub-29109_ses-1_task-rest_run-1_space-MNI152NLin2009cAsym_desc-preproc_bold.nii.gz
(15/42) Downloading: sub-29110_ses-1_task-rest_run-1_space-MNI152NLin2009cAsym_desc-preproc_bold.nii.gz
(16/42) Downloading: sub-29111_ses-1_task-rest_run-1_space-MNI152NLin2009cAsym_desc-preproc_bold.nii.gz
(17/42) Downloading: sub-29112_ses-1_task-rest_run-1_space-MNI152NLin2009cAsym_desc-preproc_bold.nii.gz
(18/42) Downloading: sub-29113_ses-1_task-rest_run-1_space-MNI152NLin2009cAsym_desc-preproc_bold.nii.gz
(19/42) Downloading: sub-29114_ses-1_task-rest_run-1_space-MNI152NLin2009cAsym_desc-preproc_bold.nii.gz
(20/42) Downloading: sub-29115_ses-1_task-rest_run-1_space-MNI152NLin2009cAsym_desc-preproc_bold.nii.gz
(21/42) Downloading: sub-29116_ses-1_task-rest_run-1_space-MNI152NLin2009cAsym_desc-preproc_bold.nii.gz
(22/42) Downloading: sub-29117_ses-1_task-rest_run-1_space-MNI152NLin2009cAsym_desc-preproc_bold.nii.gz
(23/42) Downloading: sub-29118_ses-1_task-rest_run-1_space-MNI152NLin2009cAsym_desc-preproc_bold.nii.gz
(24/42) Downloading: sub-29119_ses-1_task-rest_run-1_space-MNI152NLin2009cAsym_desc-preproc_bold.nii.gz
(25/42) Downloading: sub-29120_ses-1_task-rest_run-1_space-MNI152NLin2009cAsym_desc-preproc_bold.nii.gz
(26/42) Downloading: sub-29121_ses-1_task-rest_run-1_space-MNI152NLin2009cAsym_desc-preproc_bold.nii.gz
(27/42) Downloading: sub-29122_ses-1_task-rest_run-1_space-MNI152NLin2009cAsym_desc-preproc_bold.nii.gz
(28/42) Downloading: sub-29123_ses-1_task-rest_run-1_space-MNI152NLin2009cAsym_desc-preproc_bold.nii.gz
(29/42) Downloading: sub-29124_ses-1_task-rest_run-1_space-MNI152NLin2009cAsym_desc-preproc_bold.nii.gz
(30/42) Downloading: sub-29125_ses-1_task-rest_run-1_space-MNI152NLin2009cAsym_desc-preproc_bold.nii.gz
(31/42) Downloading: sub-29126_ses-1_task-rest_run-1_space-MNI152NLin2009cAsym_desc-preproc_bold.nii.gz
(32/42) Downloading: sub-29127_ses-1_task-rest_run-1_space-MNI152NLin2009cAsym_desc-preproc_bold.nii.gz
(33/42) Downloading: sub-29128_ses-1_task-rest_run-1_space-MNI152NLin2009cAsym_desc-preproc_bold.nii.gz
(34/42) Downloading: sub-29129_ses-1_task-rest_run-1_space-MNI152NLin2009cAsym_desc-preproc_bold.nii.gz
(35/42) Downloading: sub-29130_ses-1_task-rest_run-1_space-MNI152NLin2009cAsym_desc-preproc_bold.nii.gz
(36/42) Downloading: sub-29131_ses-1_task-rest_run-1_space-MNI152NLin2009cAsym_desc-preproc_bold.nii.gz
(37/42) Downloading: sub-29132_ses-1_task-rest_run-1_space-MNI152NLin2009cAsym_desc-preproc_bold.nii.gz
(38/42) Downloading: sub-29133_ses-1_task-rest_run-1_space-MNI152NLin2009cAsym_desc-preproc_bold.nii.gz
(39/42) Downloading: sub-29134_ses-1_task-rest_run-1_space-MNI152NLin2009cAsym_desc-preproc_bold.nii.gz
(40/42) Downloading: sub-29135_ses-1_task-rest_run-1_space-MNI152NLin2009cAsym_desc-preproc_bold.nii.gz
(41/42) Downloading: sub-29136_ses-1_task-rest_run-1_space-MNI152NLin2009cAsym_desc-preproc_bold.nii.gz
(42/42) Downloading: sub-29137_ses-1_task-rest_run-1_space-MNI152NLin2009cAsym_desc-preproc_bold.nii.gz
Successfully processed 42/42 files for site ABIDEII-TCD_1.
Data is located in: ./abide2_all_sites_data/ABIDEII-TCD_1/fmriprep_functional

--- Processing site: ABIDEII-UCD_1 ---
Found 32 subjects in phenotype file.
Found 25 matching functional files (`...desc-preproc_bold.nii.gz`) to download for site 'ABIDEII-UCD_1'.
(1/25) Downloading: sub-29999_ses-1_task-rest_run-1_space-MNI152NLin2009cAsym_desc-preproc_bold.nii.gz
(2/25) Downloading: sub-30000_ses-1_task-rest_run-1_space-MNI152NLin2009cAsym_desc-preproc_bold.nii.gz
(3/25) Downloading: sub-30001_ses-1_task-rest_run-1_space-MNI152NLin2009cAsym_desc-preproc_bold.nii.gz
(4/25) Downloading: sub-30002_ses-1_task-rest_run-1_space-MNI152NLin2009cAsym_desc-preproc_bold.nii.gz
(5/25) Downloading: sub-30003_ses-1_task-rest_run-1_space-MNI152NLin2009cAsym_desc-preproc_bold.nii.gz
(6/25) Downloading: sub-30004_ses-1_task-rest_run-1_space-MNI152NLin2009cAsym_desc-preproc_bold.nii.gz
(7/25) Downloading: sub-30005_ses-1_task-rest_run-1_space-MNI152NLin2009cAsym_desc-preproc_bold.nii.gz
(8/25) Downloading: sub-30006_ses-1_task-rest_run-1_space-MNI152NLin2009cAsym_desc-preproc_bold.nii.gz
(9/25) Downloading: sub-30007_ses-1_task-rest_run-1_space-MNI152NLin2009cAsym_desc-preproc_bold.nii.gz
(10/25) Downloading: sub-30008_ses-1_task-rest_run-1_space-MNI152NLin2009cAsym_desc-preproc_bold.nii.gz
(11/25) Downloading: sub-30010_ses-1_task-rest_run-1_space-MNI152NLin2009cAsym_desc-preproc_bold.nii.gz
(12/25) Downloading: sub-30011_ses-1_task-rest_run-1_space-MNI152NLin2009cAsym_desc-preproc_bold.nii.gz
(13/25) Downloading: sub-30012_ses-1_task-rest_run-1_space-MNI152NLin2009cAsym_desc-preproc_bold.nii.gz
(14/25) Downloading: sub-30013_ses-1_task-rest_run-1_space-MNI152NLin2009cAsym_desc-preproc_bold.nii.gz
(15/25) Downloading: sub-30015_ses-1_task-rest_run-1_space-MNI152NLin2009cAsym_desc-preproc_bold.nii.gz
(16/25) Downloading: sub-30017_ses-1_task-rest_run-1_space-MNI152NLin2009cAsym_desc-preproc_bold.nii.gz
(17/25) Downloading: sub-30018_ses-1_task-rest_run-1_space-MNI152NLin2009cAsym_desc-preproc_bold.nii.gz
(18/25) Downloading: sub-30019_ses-1_task-rest_run-1_space-MNI152NLin2009cAsym_desc-preproc_bold.nii.gz
(19/25) Downloading: sub-30021_ses-1_task-rest_run-1_space-MNI152NLin2009cAsym_desc-preproc_bold.nii.gz
(20/25) Downloading: sub-30022_ses-1_task-rest_run-1_space-MNI152NLin2009cAsym_desc-preproc_bold.nii.gz
(21/25) Downloading: sub-30023_ses-1_task-rest_run-1_space-MNI152NLin2009cAsym_desc-preproc_bold.nii.gz
(22/25) Downloading: sub-30024_ses-1_task-rest_run-1_space-MNI152NLin2009cAsym_desc-preproc_bold.nii.gz
(23/25) Downloading: sub-30026_ses-1_task-rest_run-1_space-MNI152NLin2009cAsym_desc-preproc_bold.nii.gz
(24/25) Downloading: sub-30027_ses-1_task-rest_run-1_space-MNI152NLin2009cAsym_desc-preproc_bold.nii.gz
(25/25) Downloading: sub-30028_ses-1_task-rest_run-1_space-MNI152NLin2009cAsym_desc-preproc_bold.nii.gz
Successfully processed 25/25 files for site ABIDEII-UCD_1.
Data is located in: ./abide2_all_sites_data/ABIDEII-UCD_1/fmriprep_functional

--- Processing site: ABIDEII-UCLA_1 ---
Found 32 subjects in phenotype file.
Found 14 matching functional files (`...desc-preproc_bold.nii.gz`) to download for site 'ABIDEII-UCLA_1'.
(1/14) Downloading: sub-29728_ses-1_task-rest_run-1_space-MNI152NLin2009cAsym_desc-preproc_bold.nii.gz
(2/14) Downloading: sub-29730_ses-1_task-rest_run-1_space-MNI152NLin2009cAsym_desc-preproc_bold.nii.gz
(3/14) Downloading: sub-29732_ses-1_task-rest_run-1_space-MNI152NLin2009cAsym_desc-preproc_bold.nii.gz
(4/14) Downloading: sub-29734_ses-1_task-rest_run-1_space-MNI152NLin2009cAsym_desc-preproc_bold.nii.gz
(5/14) Downloading: sub-29736_ses-1_task-rest_run-1_space-MNI152NLin2009cAsym_desc-preproc_bold.nii.gz
(6/14) Downloading: sub-29737_ses-1_task-rest_run-1_space-MNI152NLin2009cAsym_desc-preproc_bold.nii.gz
(7/14) Downloading: sub-29740_ses-1_task-rest_run-1_space-MNI152NLin2009cAsym_desc-preproc_bold.nii.gz
(8/14) Downloading: sub-29743_ses-1_task-rest_run-1_space-MNI152NLin2009cAsym_desc-preproc_bold.nii.gz
(9/14) Downloading: sub-29746_ses-1_task-rest_run-1_space-MNI152NLin2009cAsym_desc-preproc_bold.nii.gz
(10/14) Downloading: sub-29749_ses-1_task-rest_run-1_space-MNI152NLin2009cAsym_desc-preproc_bold.nii.gz
(11/14) Downloading: sub-29750_ses-1_task-rest_run-1_space-MNI152NLin2009cAsym_desc-preproc_bold.nii.gz
(12/14) Downloading: sub-29751_ses-1_task-rest_run-1_space-MNI152NLin2009cAsym_desc-preproc_bold.nii.gz
(13/14) Downloading: sub-29755_ses-1_task-rest_run-1_space-MNI152NLin2009cAsym_desc-preproc_bold.nii.gz
(14/14) Downloading: sub-29758_ses-1_task-rest_run-1_space-MNI152NLin2009cAsym_desc-preproc_bold.nii.gz
Successfully processed 14/14 files for site ABIDEII-UCLA_1.
Data is located in: ./abide2_all_sites_data/ABIDEII-UCLA_1/fmriprep_functional

--- Processing site: ABIDEII-USM_1 ---
Found 33 subjects in phenotype file.
Found 1 matching functional files (`...desc-preproc_bold.nii.gz`) to download for site 'ABIDEII-USM_1'.
(1/1) Downloading: sub-29504_ses-1_task-rest_run-1_space-MNI152NLin2009cAsym_desc-preproc_bold.nii.gz
Successfully processed 1/1 files for site ABIDEII-USM_1.
Data is located in: ./abide2_all_sites_data/ABIDEII-USM_1/fmriprep_functional

--- Processing site: ABIDEII-U_MIA_1 ---
Found 28 subjects in phenotype file.
Warning: Found 0 matching files in the S3 list for site ABIDEII-U_MIA_1. Skipping.

--- All site download processes complete ---
